SF:/home/runner/work/catalog-api-client.swift/catalog-api-client.swift/.build/x86_64-unknown-linux-gnu/debug/CatalogAPIClientPackageDiscoveredTests.derived/CatalogAPIClientTests.swift
FN:7,$s21CatalogAPIClientTestsAAC0ab17PackageDiscoveredC0E05__allc2__abC033_3B814CEC98CC95BA5488113F7BE97D1BLLSaySS_yyKcABctGvpZfiyyKcABcfu_
FN:7,$s21CatalogAPIClientTestsAAC0ab17PackageDiscoveredC0E05__allc2__abC033_3B814CEC98CC95BA5488113F7BE97D1BLLSaySS_yyKcABctGvpZfiyyKcABcfu_yyKcfu0_
FN:8,$s21CatalogAPIClientTestsAAC0ab17PackageDiscoveredC0E05__allc2__abC033_3B814CEC98CC95BA5488113F7BE97D1BLLSaySS_yyKcABctGvpZfiyyKcABcfu1_
FN:8,$s21CatalogAPIClientTestsAAC0ab17PackageDiscoveredC0E05__allc2__abC033_3B814CEC98CC95BA5488113F7BE97D1BLLSaySS_yyKcABctGvpZfiyyKcABcfu1_yyKcfu2_
FN:9,$s21CatalogAPIClientTestsAAC0ab17PackageDiscoveredC0E05__allc2__abC033_3B814CEC98CC95BA5488113F7BE97D1BLLSaySS_yyKcABctGvpZfiyycABcfu3_
FN:9,$s21CatalogAPIClientTestsAAC0ab17PackageDiscoveredC0E05__allc2__abC033_3B814CEC98CC95BA5488113F7BE97D1BLLSaySS_yyKcABctGvpZfiyycABcfu3_yycfu4_
FN:10,$s21CatalogAPIClientTestsAAC0ab17PackageDiscoveredC0E05__allc2__abC033_3B814CEC98CC95BA5488113F7BE97D1BLLSaySS_yyKcABctGvpZfiyycABcfu5_
FN:10,$s21CatalogAPIClientTestsAAC0ab17PackageDiscoveredC0E05__allc2__abC033_3B814CEC98CC95BA5488113F7BE97D1BLLSaySS_yyKcABctGvpZfiyycABcfu5_yycfu6_
FN:11,$s21CatalogAPIClientTestsAAC0ab17PackageDiscoveredC0E05__allc2__abC033_3B814CEC98CC95BA5488113F7BE97D1BLLSaySS_yyKcABctGvpZfiyycABcfu7_
FN:11,$s21CatalogAPIClientTestsAAC0ab17PackageDiscoveredC0E05__allc2__abC033_3B814CEC98CC95BA5488113F7BE97D1BLLSaySS_yyKcABctGvpZfiyycABcfu7_yycfu8_
FN:12,$s21CatalogAPIClientTestsAAC0ab17PackageDiscoveredC0E05__allc2__abC033_3B814CEC98CC95BA5488113F7BE97D1BLLSaySS_yyKcABctGvpZfiyyKcABcfu9_
FN:12,$s21CatalogAPIClientTestsAAC0ab17PackageDiscoveredC0E05__allc2__abC033_3B814CEC98CC95BA5488113F7BE97D1BLLSaySS_yyKcABctGvpZfiyyKcABcfu9_yyKcfu10_
FN:13,$s21CatalogAPIClientTestsAAC0ab17PackageDiscoveredC0E05__allc2__abC033_3B814CEC98CC95BA5488113F7BE97D1BLLSaySS_yyKcABctGvpZfiyyKcABcfu11_
FN:13,$s21CatalogAPIClientTestsAAC0ab17PackageDiscoveredC0E05__allc2__abC033_3B814CEC98CC95BA5488113F7BE97D1BLLSaySS_yyKcABctGvpZfiyyKcABcfu11_yyKcfu12_
FN:14,$s21CatalogAPIClientTestsAAC0ab17PackageDiscoveredC0E05__allc2__abC033_3B814CEC98CC95BA5488113F7BE97D1BLLSaySS_yyKcABctGvpZfiyyKcABcfu13_
FN:14,$s21CatalogAPIClientTestsAAC0ab17PackageDiscoveredC0E05__allc2__abC033_3B814CEC98CC95BA5488113F7BE97D1BLLSaySS_yyKcABctGvpZfiyyKcABcfu13_yyKcfu14_
FN:15,$s21CatalogAPIClientTestsAAC0ab17PackageDiscoveredC0E05__allc2__abC033_3B814CEC98CC95BA5488113F7BE97D1BLLSaySS_yyKcABctGvpZfiyycABcfu15_
FN:15,$s21CatalogAPIClientTestsAAC0ab17PackageDiscoveredC0E05__allc2__abC033_3B814CEC98CC95BA5488113F7BE97D1BLLSaySS_yyKcABctGvpZfiyycABcfu15_yycfu16_
FN:16,$s21CatalogAPIClientTestsAAC0ab17PackageDiscoveredC0E05__allc2__abC033_3B814CEC98CC95BA5488113F7BE97D1BLLSaySS_yyKcABctGvpZfiyyKcABcfu17_
FN:16,$s21CatalogAPIClientTestsAAC0ab17PackageDiscoveredC0E05__allc2__abC033_3B814CEC98CC95BA5488113F7BE97D1BLLSaySS_yyKcABctGvpZfiyyKcABcfu17_yyKcfu18_
FN:17,$s21CatalogAPIClientTestsAAC0ab17PackageDiscoveredC0E05__allc2__abC033_3B814CEC98CC95BA5488113F7BE97D1BLLSaySS_yyKcABctGvpZfiyycABcfu19_
FN:17,$s21CatalogAPIClientTestsAAC0ab17PackageDiscoveredC0E05__allc2__abC033_3B814CEC98CC95BA5488113F7BE97D1BLLSaySS_yyKcABctGvpZfiyycABcfu19_yycfu20_
FN:18,$s21CatalogAPIClientTestsAAC0ab17PackageDiscoveredC0E05__allc2__abC033_3B814CEC98CC95BA5488113F7BE97D1BLLSaySS_yyKcABctGvpZfiyyKcABcfu21_
FN:18,$s21CatalogAPIClientTestsAAC0ab17PackageDiscoveredC0E05__allc2__abC033_3B814CEC98CC95BA5488113F7BE97D1BLLSaySS_yyKcABctGvpZfiyyKcABcfu21_yyKcfu22_
FN:19,$s21CatalogAPIClientTestsAAC0ab17PackageDiscoveredC0E05__allc2__abC033_3B814CEC98CC95BA5488113F7BE97D1BLLSaySS_yyKcABctGvpZfiyyKcABcfu23_
FN:19,$s21CatalogAPIClientTestsAAC0ab17PackageDiscoveredC0E05__allc2__abC033_3B814CEC98CC95BA5488113F7BE97D1BLLSaySS_yyKcABctGvpZfiyyKcABcfu23_yyKcfu24_
FN:20,$s21CatalogAPIClientTestsAAC0ab17PackageDiscoveredC0E05__allc2__abC033_3B814CEC98CC95BA5488113F7BE97D1BLLSaySS_yyKcABctGvpZfiyycABcfu25_
FN:20,$s21CatalogAPIClientTestsAAC0ab17PackageDiscoveredC0E05__allc2__abC033_3B814CEC98CC95BA5488113F7BE97D1BLLSaySS_yyKcABctGvpZfiyycABcfu25_yycfu26_
FN:21,$s21CatalogAPIClientTestsAAC0ab17PackageDiscoveredC0E05__allc2__abC033_3B814CEC98CC95BA5488113F7BE97D1BLLSaySS_yyKcABctGvpZfiyyKcABcfu27_
FN:21,$s21CatalogAPIClientTestsAAC0ab17PackageDiscoveredC0E05__allc2__abC033_3B814CEC98CC95BA5488113F7BE97D1BLLSaySS_yyKcABctGvpZfiyyKcABcfu27_yyKcfu28_
FN:22,$s21CatalogAPIClientTestsAAC0ab17PackageDiscoveredC0E05__allc2__abC033_3B814CEC98CC95BA5488113F7BE97D1BLLSaySS_yyKcABctGvpZfiyyKcABcfu29_
FN:22,$s21CatalogAPIClientTestsAAC0ab17PackageDiscoveredC0E05__allc2__abC033_3B814CEC98CC95BA5488113F7BE97D1BLLSaySS_yyKcABctGvpZfiyyKcABcfu29_yyKcfu30_
FN:26,$s38CatalogAPIClientPackageDiscoveredTests02__abe5__allE0Say6XCTest0G4CaseCm04testH5Class_SaySS_yAEKctG0fE0tGyF
FNDA:1,$s21CatalogAPIClientTestsAAC0ab17PackageDiscoveredC0E05__allc2__abC033_3B814CEC98CC95BA5488113F7BE97D1BLLSaySS_yyKcABctGvpZfiyyKcABcfu_
FNDA:1,$s21CatalogAPIClientTestsAAC0ab17PackageDiscoveredC0E05__allc2__abC033_3B814CEC98CC95BA5488113F7BE97D1BLLSaySS_yyKcABctGvpZfiyyKcABcfu_yyKcfu0_
FNDA:1,$s21CatalogAPIClientTestsAAC0ab17PackageDiscoveredC0E05__allc2__abC033_3B814CEC98CC95BA5488113F7BE97D1BLLSaySS_yyKcABctGvpZfiyyKcABcfu1_
FNDA:1,$s21CatalogAPIClientTestsAAC0ab17PackageDiscoveredC0E05__allc2__abC033_3B814CEC98CC95BA5488113F7BE97D1BLLSaySS_yyKcABctGvpZfiyyKcABcfu1_yyKcfu2_
FNDA:1,$s21CatalogAPIClientTestsAAC0ab17PackageDiscoveredC0E05__allc2__abC033_3B814CEC98CC95BA5488113F7BE97D1BLLSaySS_yyKcABctGvpZfiyycABcfu3_
FNDA:1,$s21CatalogAPIClientTestsAAC0ab17PackageDiscoveredC0E05__allc2__abC033_3B814CEC98CC95BA5488113F7BE97D1BLLSaySS_yyKcABctGvpZfiyycABcfu3_yycfu4_
FNDA:1,$s21CatalogAPIClientTestsAAC0ab17PackageDiscoveredC0E05__allc2__abC033_3B814CEC98CC95BA5488113F7BE97D1BLLSaySS_yyKcABctGvpZfiyycABcfu5_
FNDA:1,$s21CatalogAPIClientTestsAAC0ab17PackageDiscoveredC0E05__allc2__abC033_3B814CEC98CC95BA5488113F7BE97D1BLLSaySS_yyKcABctGvpZfiyycABcfu5_yycfu6_
FNDA:1,$s21CatalogAPIClientTestsAAC0ab17PackageDiscoveredC0E05__allc2__abC033_3B814CEC98CC95BA5488113F7BE97D1BLLSaySS_yyKcABctGvpZfiyycABcfu7_
FNDA:1,$s21CatalogAPIClientTestsAAC0ab17PackageDiscoveredC0E05__allc2__abC033_3B814CEC98CC95BA5488113F7BE97D1BLLSaySS_yyKcABctGvpZfiyycABcfu7_yycfu8_
FNDA:1,$s21CatalogAPIClientTestsAAC0ab17PackageDiscoveredC0E05__allc2__abC033_3B814CEC98CC95BA5488113F7BE97D1BLLSaySS_yyKcABctGvpZfiyyKcABcfu9_
FNDA:1,$s21CatalogAPIClientTestsAAC0ab17PackageDiscoveredC0E05__allc2__abC033_3B814CEC98CC95BA5488113F7BE97D1BLLSaySS_yyKcABctGvpZfiyyKcABcfu9_yyKcfu10_
FNDA:1,$s21CatalogAPIClientTestsAAC0ab17PackageDiscoveredC0E05__allc2__abC033_3B814CEC98CC95BA5488113F7BE97D1BLLSaySS_yyKcABctGvpZfiyyKcABcfu11_
FNDA:1,$s21CatalogAPIClientTestsAAC0ab17PackageDiscoveredC0E05__allc2__abC033_3B814CEC98CC95BA5488113F7BE97D1BLLSaySS_yyKcABctGvpZfiyyKcABcfu11_yyKcfu12_
FNDA:1,$s21CatalogAPIClientTestsAAC0ab17PackageDiscoveredC0E05__allc2__abC033_3B814CEC98CC95BA5488113F7BE97D1BLLSaySS_yyKcABctGvpZfiyyKcABcfu13_
FNDA:1,$s21CatalogAPIClientTestsAAC0ab17PackageDiscoveredC0E05__allc2__abC033_3B814CEC98CC95BA5488113F7BE97D1BLLSaySS_yyKcABctGvpZfiyyKcABcfu13_yyKcfu14_
FNDA:1,$s21CatalogAPIClientTestsAAC0ab17PackageDiscoveredC0E05__allc2__abC033_3B814CEC98CC95BA5488113F7BE97D1BLLSaySS_yyKcABctGvpZfiyycABcfu15_
FNDA:1,$s21CatalogAPIClientTestsAAC0ab17PackageDiscoveredC0E05__allc2__abC033_3B814CEC98CC95BA5488113F7BE97D1BLLSaySS_yyKcABctGvpZfiyycABcfu15_yycfu16_
FNDA:1,$s21CatalogAPIClientTestsAAC0ab17PackageDiscoveredC0E05__allc2__abC033_3B814CEC98CC95BA5488113F7BE97D1BLLSaySS_yyKcABctGvpZfiyyKcABcfu17_
FNDA:1,$s21CatalogAPIClientTestsAAC0ab17PackageDiscoveredC0E05__allc2__abC033_3B814CEC98CC95BA5488113F7BE97D1BLLSaySS_yyKcABctGvpZfiyyKcABcfu17_yyKcfu18_
FNDA:1,$s21CatalogAPIClientTestsAAC0ab17PackageDiscoveredC0E05__allc2__abC033_3B814CEC98CC95BA5488113F7BE97D1BLLSaySS_yyKcABctGvpZfiyycABcfu19_
FNDA:1,$s21CatalogAPIClientTestsAAC0ab17PackageDiscoveredC0E05__allc2__abC033_3B814CEC98CC95BA5488113F7BE97D1BLLSaySS_yyKcABctGvpZfiyycABcfu19_yycfu20_
FNDA:1,$s21CatalogAPIClientTestsAAC0ab17PackageDiscoveredC0E05__allc2__abC033_3B814CEC98CC95BA5488113F7BE97D1BLLSaySS_yyKcABctGvpZfiyyKcABcfu21_
FNDA:1,$s21CatalogAPIClientTestsAAC0ab17PackageDiscoveredC0E05__allc2__abC033_3B814CEC98CC95BA5488113F7BE97D1BLLSaySS_yyKcABctGvpZfiyyKcABcfu21_yyKcfu22_
FNDA:1,$s21CatalogAPIClientTestsAAC0ab17PackageDiscoveredC0E05__allc2__abC033_3B814CEC98CC95BA5488113F7BE97D1BLLSaySS_yyKcABctGvpZfiyyKcABcfu23_
FNDA:1,$s21CatalogAPIClientTestsAAC0ab17PackageDiscoveredC0E05__allc2__abC033_3B814CEC98CC95BA5488113F7BE97D1BLLSaySS_yyKcABctGvpZfiyyKcABcfu23_yyKcfu24_
FNDA:1,$s21CatalogAPIClientTestsAAC0ab17PackageDiscoveredC0E05__allc2__abC033_3B814CEC98CC95BA5488113F7BE97D1BLLSaySS_yyKcABctGvpZfiyycABcfu25_
FNDA:1,$s21CatalogAPIClientTestsAAC0ab17PackageDiscoveredC0E05__allc2__abC033_3B814CEC98CC95BA5488113F7BE97D1BLLSaySS_yyKcABctGvpZfiyycABcfu25_yycfu26_
FNDA:1,$s21CatalogAPIClientTestsAAC0ab17PackageDiscoveredC0E05__allc2__abC033_3B814CEC98CC95BA5488113F7BE97D1BLLSaySS_yyKcABctGvpZfiyyKcABcfu27_
FNDA:1,$s21CatalogAPIClientTestsAAC0ab17PackageDiscoveredC0E05__allc2__abC033_3B814CEC98CC95BA5488113F7BE97D1BLLSaySS_yyKcABctGvpZfiyyKcABcfu27_yyKcfu28_
FNDA:1,$s21CatalogAPIClientTestsAAC0ab17PackageDiscoveredC0E05__allc2__abC033_3B814CEC98CC95BA5488113F7BE97D1BLLSaySS_yyKcABctGvpZfiyyKcABcfu29_
FNDA:1,$s21CatalogAPIClientTestsAAC0ab17PackageDiscoveredC0E05__allc2__abC033_3B814CEC98CC95BA5488113F7BE97D1BLLSaySS_yyKcABctGvpZfiyyKcABcfu29_yyKcfu30_
FNDA:1,$s38CatalogAPIClientPackageDiscoveredTests02__abe5__allE0Say6XCTest0G4CaseCm04testH5Class_SaySS_yAEKctG0fE0tGyF
FNF:17
FNH:17
DA:7,2
DA:8,2
DA:9,2
DA:10,2
DA:11,2
DA:12,2
DA:13,2
DA:14,2
DA:15,2
DA:16,2
DA:17,2
DA:18,2
DA:19,2
DA:20,2
DA:21,2
DA:22,2
DA:26,1
DA:27,1
DA:28,1
DA:29,1
DA:30,1
BRF:0
BRH:0
LF:21
LH:21
end_of_record
SF:/home/runner/work/catalog-api-client.swift/catalog-api-client.swift/.build/x86_64-unknown-linux-gnu/debug/CatalogAPIClientPackageDiscoveredTests.derived/all-discovered-tests.swift
FN:4,$s38CatalogAPIClientPackageDiscoveredTests05__alldE0Say6XCTest0G4CaseCm04testH5Class_SaySS_yAEKctG0fE0tGyF
FNDA:1,$s38CatalogAPIClientPackageDiscoveredTests05__alldE0Say6XCTest0G4CaseCm04testH5Class_SaySS_yAEKctG0fE0tGyF
FNF:1
FNH:1
DA:4,1
DA:5,1
DA:6,1
DA:7,1
DA:8,1
DA:9,1
DA:10,1
BRF:0
BRH:0
LF:7
LH:7
end_of_record
SF:/home/runner/work/catalog-api-client.swift/catalog-api-client.swift/.build/x86_64-unknown-linux-gnu/debug/CatalogAPIClientPackageTests.derived/runner.swift
FN:5,$s28CatalogAPIClientPackageTests21SwiftPMXCTestObserverCACycfc
FN:12,$s28CatalogAPIClientPackageTests21SwiftPMXCTestObserverC14testOutputPathSSvg
FN:16,$s28CatalogAPIClientPackageTests21SwiftPMXCTestObserverC5write33_C86367C900413C529A02C509F0E9ADFDLL6recordySE_p_tF
FN:18,$s28CatalogAPIClientPackageTests21SwiftPMXCTestObserverC5write33_C86367C900413C529A02C509F0E9ADFDLL6recordySE_p_tFyyXEfU_
FN:23,$s28CatalogAPIClientPackageTests21SwiftPMXCTestObserverC6_write33_C86367C900413C529A02C509F0E9ADFDLL6recordySE_p_tF
FN:36,$s28CatalogAPIClientPackageTests21SwiftPMXCTestObserverC19testBundleWillStartyy10Foundation0I0CF
FN:41,$s28CatalogAPIClientPackageTests21SwiftPMXCTestObserverC18testSuiteWillStartyy6XCTest0lI0CF
FN:46,$s28CatalogAPIClientPackageTests21SwiftPMXCTestObserverC17testCaseWillStartyy6XCTest0lI0CF
FN:62,$s28CatalogAPIClientPackageTests21SwiftPMXCTestObserverC8testCase_22didFailWithDescription6inFile6atLiney6XCTest0rI0C_S2SSgSitF
FN:69,$s28CatalogAPIClientPackageTests21SwiftPMXCTestObserverC17testCaseDidFinishyy6XCTest0lI0CF
FN:85,$s28CatalogAPIClientPackageTests21SwiftPMXCTestObserverC9testSuite_22didFailWithDescription6inFile6atLiney6XCTest0rI0C_S2SSgSitF
FN:92,$s28CatalogAPIClientPackageTests21SwiftPMXCTestObserverC18testSuiteDidFinishyy6XCTest0lI0CF
FN:97,$s28CatalogAPIClientPackageTests21SwiftPMXCTestObserverC19testBundleDidFinishyy10Foundation0I0CF
FN:129,$s28CatalogAPIClientPackageTests8FileLockC2atAC10Foundation3URLV_tcfc
FN:133,$s28CatalogAPIClientPackageTests8FileLockC4lockyyKF
FN:166,$s28CatalogAPIClientPackageTests8FileLockC4lockyyKFSSyXEfu_
FN:175,$s28CatalogAPIClientPackageTests8FileLockC4lockyyKFSSyXEfu0_
FN:180,$s28CatalogAPIClientPackageTests8FileLockC6unlockyyF
FN:195,$s28CatalogAPIClientPackageTests8FileLockCfd
FN:207,$s28CatalogAPIClientPackageTests8FileLockC04withF0yxxyKXEKlF
FN:213,$s28CatalogAPIClientPackageTests8FileLockC04withF0yxxyYaKXEYaKlF
FN:236,$s28CatalogAPIClientPackageTests15TestEventRecordV11caseFailure05suiteI006bundleF00jF00hF0AcA0e4CaseiG0VSg_AA0e5SuiteiG0VSgAA0e6BundlefG0VSgAA0emfG0VSgAA0elfG0VSgtcfC
FN:269,$s28CatalogAPIClientPackageTests21TestCaseFailureRecordV11descriptionSSvg
FN:310,$s28CatalogAPIClientPackageTests15TestFailureKindO10isExpectedSbvg
FN:341,$s28CatalogAPIClientPackageTests12TestLocationV11descriptionSSvg
FN:350,$s28CatalogAPIClientPackageTests21TestSourceCodeContextV11descriptionSSvg
FN:351,$s28CatalogAPIClientPackageTests21TestSourceCodeContextV11descriptionSSvgSSyKXEfu_
FN:374,$s28CatalogAPIClientPackageTests9TestIssueV11description6inFile6atLineACSS_SSSgSitcfC
FN:400,$s28CatalogAPIClientPackageTests10TestBundleVyAC10Foundation0F0CcfC
FN:409,$s28CatalogAPIClientPackageTests8TestCaseVyAC6XCTest0gF0CcfC
FN:415,$s28CatalogAPIClientPackageTests13TestErrorInfoVyACs0F0_pcfC
FN:490,$s28CatalogAPIClientPackageTests15TestSuiteRecordVyAC6XCTest0hF0CcfC
FN:501,$s28CatalogAPIClientPackageTests6RunnerV4mainyyFZ
FNDA:0,$s28CatalogAPIClientPackageTests21SwiftPMXCTestObserverCACycfc
FNDA:0,$s28CatalogAPIClientPackageTests21SwiftPMXCTestObserverC14testOutputPathSSvg
FNDA:0,$s28CatalogAPIClientPackageTests21SwiftPMXCTestObserverC5write33_C86367C900413C529A02C509F0E9ADFDLL6recordySE_p_tF
FNDA:0,$s28CatalogAPIClientPackageTests21SwiftPMXCTestObserverC5write33_C86367C900413C529A02C509F0E9ADFDLL6recordySE_p_tFyyXEfU_
FNDA:0,$s28CatalogAPIClientPackageTests21SwiftPMXCTestObserverC6_write33_C86367C900413C529A02C509F0E9ADFDLL6recordySE_p_tF
FNDA:0,$s28CatalogAPIClientPackageTests21SwiftPMXCTestObserverC19testBundleWillStartyy10Foundation0I0CF
FNDA:0,$s28CatalogAPIClientPackageTests21SwiftPMXCTestObserverC18testSuiteWillStartyy6XCTest0lI0CF
FNDA:0,$s28CatalogAPIClientPackageTests21SwiftPMXCTestObserverC17testCaseWillStartyy6XCTest0lI0CF
FNDA:0,$s28CatalogAPIClientPackageTests21SwiftPMXCTestObserverC8testCase_22didFailWithDescription6inFile6atLiney6XCTest0rI0C_S2SSgSitF
FNDA:0,$s28CatalogAPIClientPackageTests21SwiftPMXCTestObserverC17testCaseDidFinishyy6XCTest0lI0CF
FNDA:0,$s28CatalogAPIClientPackageTests21SwiftPMXCTestObserverC9testSuite_22didFailWithDescription6inFile6atLiney6XCTest0rI0C_S2SSgSitF
FNDA:0,$s28CatalogAPIClientPackageTests21SwiftPMXCTestObserverC18testSuiteDidFinishyy6XCTest0lI0CF
FNDA:0,$s28CatalogAPIClientPackageTests21SwiftPMXCTestObserverC19testBundleDidFinishyy10Foundation0I0CF
FNDA:0,$s28CatalogAPIClientPackageTests8FileLockC2atAC10Foundation3URLV_tcfc
FNDA:0,$s28CatalogAPIClientPackageTests8FileLockC4lockyyKF
FNDA:0,$s28CatalogAPIClientPackageTests8FileLockC4lockyyKFSSyXEfu_
FNDA:0,$s28CatalogAPIClientPackageTests8FileLockC4lockyyKFSSyXEfu0_
FNDA:0,$s28CatalogAPIClientPackageTests8FileLockC6unlockyyF
FNDA:0,$s28CatalogAPIClientPackageTests8FileLockCfd
FNDA:0,$s28CatalogAPIClientPackageTests8FileLockC04withF0yxxyKXEKlF
FNDA:0,$s28CatalogAPIClientPackageTests8FileLockC04withF0yxxyYaKXEYaKlF
FNDA:0,$s28CatalogAPIClientPackageTests15TestEventRecordV11caseFailure05suiteI006bundleF00jF00hF0AcA0e4CaseiG0VSg_AA0e5SuiteiG0VSgAA0e6BundlefG0VSgAA0emfG0VSgAA0elfG0VSgtcfC
FNDA:0,$s28CatalogAPIClientPackageTests21TestCaseFailureRecordV11descriptionSSvg
FNDA:0,$s28CatalogAPIClientPackageTests15TestFailureKindO10isExpectedSbvg
FNDA:0,$s28CatalogAPIClientPackageTests12TestLocationV11descriptionSSvg
FNDA:0,$s28CatalogAPIClientPackageTests21TestSourceCodeContextV11descriptionSSvg
FNDA:0,$s28CatalogAPIClientPackageTests21TestSourceCodeContextV11descriptionSSvgSSyKXEfu_
FNDA:0,$s28CatalogAPIClientPackageTests9TestIssueV11description6inFile6atLineACSS_SSSgSitcfC
FNDA:0,$s28CatalogAPIClientPackageTests10TestBundleVyAC10Foundation0F0CcfC
FNDA:0,$s28CatalogAPIClientPackageTests8TestCaseVyAC6XCTest0gF0CcfC
FNDA:0,$s28CatalogAPIClientPackageTests13TestErrorInfoVyACs0F0_pcfC
FNDA:0,$s28CatalogAPIClientPackageTests15TestSuiteRecordVyAC6XCTest0hF0CcfC
FNDA:1,$s28CatalogAPIClientPackageTests6RunnerV4mainyyFZ
FNF:33
FNH:1
DA:5,0
DA:6,0
DA:7,0
DA:8,0
DA:12,0
DA:13,0
DA:14,0
DA:16,0
DA:17,0
DA:18,0
DA:19,0
DA:20,0
DA:21,0
DA:23,0
DA:24,0
DA:25,0
DA:26,0
DA:27,0
DA:28,0
DA:29,0
DA:30,0
DA:31,0
DA:32,0
DA:33,0
DA:34,0
DA:36,0
DA:37,0
DA:38,0
DA:39,0
DA:41,0
DA:42,0
DA:43,0
DA:44,0
DA:46,0
DA:47,0
DA:48,0
DA:49,0
DA:62,0
DA:63,0
DA:64,0
DA:65,0
DA:66,0
DA:69,0
DA:70,0
DA:71,0
DA:72,0
DA:85,0
DA:86,0
DA:87,0
DA:88,0
DA:89,0
DA:92,0
DA:93,0
DA:94,0
DA:95,0
DA:97,0
DA:98,0
DA:99,0
DA:100,0
DA:129,0
DA:130,0
DA:131,0
DA:133,0
DA:134,0
DA:135,0
DA:136,0
DA:137,0
DA:138,0
DA:139,0
DA:140,0
DA:141,0
DA:142,0
DA:143,0
DA:144,0
DA:145,0
DA:146,0
DA:147,0
DA:148,0
DA:149,0
DA:150,0
DA:151,0
DA:152,0
DA:153,0
DA:154,0
DA:155,0
DA:156,0
DA:157,0
DA:158,0
DA:159,0
DA:160,0
DA:161,0
DA:162,0
DA:163,0
DA:164,0
DA:165,0
DA:166,0
DA:167,0
DA:168,0
DA:169,0
DA:170,0
DA:171,0
DA:172,0
DA:173,0
DA:174,0
DA:175,0
DA:176,0
DA:177,0
DA:178,0
DA:180,0
DA:181,0
DA:182,0
DA:183,0
DA:184,0
DA:185,0
DA:186,0
DA:187,0
DA:188,0
DA:189,0
DA:190,0
DA:191,0
DA:192,0
DA:193,0
DA:195,0
DA:196,0
DA:197,0
DA:198,0
DA:199,0
DA:200,0
DA:201,0
DA:202,0
DA:203,0
DA:204,0
DA:205,0
DA:207,0
DA:208,0
DA:209,0
DA:210,0
DA:211,0
DA:213,0
DA:214,0
DA:215,0
DA:216,0
DA:217,0
DA:236,0
DA:237,0
DA:238,0
DA:239,0
DA:240,0
DA:241,0
DA:242,0
DA:269,0
DA:270,0
DA:271,0
DA:310,0
DA:311,0
DA:312,0
DA:313,0
DA:314,0
DA:315,0
DA:341,0
DA:342,0
DA:343,0
DA:350,0
DA:351,0
DA:352,0
DA:374,0
DA:375,0
DA:376,0
DA:377,0
DA:378,0
DA:379,0
DA:380,0
DA:381,0
DA:382,0
DA:400,0
DA:401,0
DA:402,0
DA:403,0
DA:404,0
DA:405,0
DA:409,0
DA:410,0
DA:411,0
DA:415,0
DA:416,0
DA:417,0
DA:490,0
DA:491,0
DA:492,0
DA:501,1
DA:502,1
DA:503,1
DA:504,1
BRF:0
BRH:0
LF:199
LH:4
end_of_record
SF:/home/runner/work/catalog-api-client.swift/catalog-api-client.swift/Sources/CatalogAPIClient/CatalogAPIClient.swift
FN:14,$s16CatalogAPIClientAAV7baseURL14timeoutSecondsABSS_SdtcfC
FN:22,$s16CatalogAPIClientAAV12fetchVolumesAA15JSONAPIDocumentVyAA16VolumeAttributesVGyYaKF
FN:29,$s16CatalogAPIClientAAV10fetchNamed4pathAA15JSONAPIDocumentVyAA0D10AttributesVGSS_tYaKF
FN:33,$s16CatalogAPIClientAAV12fetchPersonsAA15JSONAPIDocumentVyAA16PersonAttributesVGyYaKF
FN:37,$s16CatalogAPIClientAAV18fetchContributionsAA15JSONAPIDocumentVyAA22ContributionAttributesVGyYaKF
FN:41,$s16CatalogAPIClientAAV12fetchReviewsAA15JSONAPIDocumentVyAA16ReviewAttributesVGyYaKF
FN:52,$s16CatalogAPIClientAAV11patchVolume2id5token5title11description5notesAA0D11PatchResultOSS_S2SSgA2KtYaKF
FN:73,$s16CatalogAPIClientAAV15finalizeSession2id5tokenAA17VolumePatchResultOSS_SStYaKF
FN:89,$s16CatalogAPIClientAAV19listProposedChanges8volumeID5tokenSayAA0D13ChangeSummaryVGSS_SStYaKF
FN:102,$s16CatalogAPIClientAAV20acceptProposedChange8volumeID08proposalG05token6fieldsAA20ReviewProposalResultVSS_S2SSaySSGSgtYaKF
FN:114,$s16CatalogAPIClientAAV20rejectProposedChange8volumeID08proposalG05token4noteAA20ReviewProposalResultVSS_S3SSgtYaKF
FN:125,$s16CatalogAPIClientAAV4send33_20CCDAA10CE935091D15CB93E7308CB5LL6method4path5token4body10Foundation4DataV_SitSS_S2SAKSgtYaKF
FN:136,$s16CatalogAPIClientAAV4send33_20CCDAA10CE935091D15CB93E7308CB5LL6method4path5token4body10Foundation4DataV_SitSS_S2SAKSgtYaKFyScCyAK_0N10Networking11URLResponseCts5Error_pGXEfU_
FN:138,$s16CatalogAPIClientAAV4send33_20CCDAA10CE935091D15CB93E7308CB5LL6method4path5token4body10Foundation4DataV_SitSS_S2SAKSgtYaKFyScCyAK_0N10Networking11URLResponseCts5Error_pGXEfU_yAL_AOSgsAP_pSgtcfU_
FN:155,$s16CatalogAPIClientAAV11decodeError_10statusCodeAA0A8APIErrorV10Foundation4DataV_SitFZ
FN:165,$s16CatalogAPIClientAAV5fetch33_20CCDAA10CE935091D15CB93E7308CB5LL4pathAA15JSONAPIDocumentVyxGSS_tYaKSeRzSERzs8SendableRzlF
FN:169,$s16CatalogAPIClientAAV5fetch33_20CCDAA10CE935091D15CB93E7308CB5LL4pathAA15JSONAPIDocumentVyxGSS_tYaKSeRzSERzs8SendableRzlFyScCy10Foundation4DataV_0M10Networking11URLResponseCts5Error_pGXEfU_
FN:171,$s16CatalogAPIClientAAV5fetch33_20CCDAA10CE935091D15CB93E7308CB5LL4pathAA15JSONAPIDocumentVyxGSS_tYaKSeRzSERzs8SendableRzlFyScCy10Foundation4DataV_0M10Networking11URLResponseCts5Error_pGXEfU_yALSg_AOSgsAP_pSgtcfU_
FN:195,$s16CatalogAPIClientAAV15decodeFirstLineyx10Foundation4DataVKSeRzlFZ
FN:198,$s16CatalogAPIClientAAV15decodeFirstLineyx10Foundation4DataVKSeRzlFZAFyKXEfu_
FN:198,$s16CatalogAPIClientAAV15decodeFirstLineyx10Foundation4DataVKSeRzlFZAFyKXEfu_ys15UnboundedRange_Ocfu0_
FNDA:0,$s16CatalogAPIClientAAV7baseURL14timeoutSecondsABSS_SdtcfC
FNDA:0,$s16CatalogAPIClientAAV12fetchVolumesAA15JSONAPIDocumentVyAA16VolumeAttributesVGyYaKF
FNDA:0,$s16CatalogAPIClientAAV10fetchNamed4pathAA15JSONAPIDocumentVyAA0D10AttributesVGSS_tYaKF
FNDA:0,$s16CatalogAPIClientAAV12fetchPersonsAA15JSONAPIDocumentVyAA16PersonAttributesVGyYaKF
FNDA:0,$s16CatalogAPIClientAAV18fetchContributionsAA15JSONAPIDocumentVyAA22ContributionAttributesVGyYaKF
FNDA:0,$s16CatalogAPIClientAAV12fetchReviewsAA15JSONAPIDocumentVyAA16ReviewAttributesVGyYaKF
FNDA:0,$s16CatalogAPIClientAAV11patchVolume2id5token5title11description5notesAA0D11PatchResultOSS_S2SSgA2KtYaKF
FNDA:0,$s16CatalogAPIClientAAV15finalizeSession2id5tokenAA17VolumePatchResultOSS_SStYaKF
FNDA:0,$s16CatalogAPIClientAAV19listProposedChanges8volumeID5tokenSayAA0D13ChangeSummaryVGSS_SStYaKF
FNDA:0,$s16CatalogAPIClientAAV20acceptProposedChange8volumeID08proposalG05token6fieldsAA20ReviewProposalResultVSS_S2SSaySSGSgtYaKF
FNDA:0,$s16CatalogAPIClientAAV20rejectProposedChange8volumeID08proposalG05token4noteAA20ReviewProposalResultVSS_S3SSgtYaKF
FNDA:0,$s16CatalogAPIClientAAV4send33_20CCDAA10CE935091D15CB93E7308CB5LL6method4path5token4body10Foundation4DataV_SitSS_S2SAKSgtYaKF
FNDA:0,$s16CatalogAPIClientAAV4send33_20CCDAA10CE935091D15CB93E7308CB5LL6method4path5token4body10Foundation4DataV_SitSS_S2SAKSgtYaKFyScCyAK_0N10Networking11URLResponseCts5Error_pGXEfU_
FNDA:0,$s16CatalogAPIClientAAV4send33_20CCDAA10CE935091D15CB93E7308CB5LL6method4path5token4body10Foundation4DataV_SitSS_S2SAKSgtYaKFyScCyAK_0N10Networking11URLResponseCts5Error_pGXEfU_yAL_AOSgsAP_pSgtcfU_
FNDA:2,$s16CatalogAPIClientAAV11decodeError_10statusCodeAA0A8APIErrorV10Foundation4DataV_SitFZ
FNDA:0,$s16CatalogAPIClientAAV5fetch33_20CCDAA10CE935091D15CB93E7308CB5LL4pathAA15JSONAPIDocumentVyxGSS_tYaKSeRzSERzs8SendableRzlF
FNDA:0,$s16CatalogAPIClientAAV5fetch33_20CCDAA10CE935091D15CB93E7308CB5LL4pathAA15JSONAPIDocumentVyxGSS_tYaKSeRzSERzs8SendableRzlFyScCy10Foundation4DataV_0M10Networking11URLResponseCts5Error_pGXEfU_
FNDA:0,$s16CatalogAPIClientAAV5fetch33_20CCDAA10CE935091D15CB93E7308CB5LL4pathAA15JSONAPIDocumentVyxGSS_tYaKSeRzSERzs8SendableRzlFyScCy10Foundation4DataV_0M10Networking11URLResponseCts5Error_pGXEfU_yALSg_AOSgsAP_pSgtcfU_
FNDA:5,$s16CatalogAPIClientAAV15decodeFirstLineyx10Foundation4DataVKSeRzlFZ
FNDA:0,$s16CatalogAPIClientAAV15decodeFirstLineyx10Foundation4DataVKSeRzlFZAFyKXEfu_
FNDA:0,$s16CatalogAPIClientAAV15decodeFirstLineyx10Foundation4DataVKSeRzlFZAFyKXEfu_ys15UnboundedRange_Ocfu0_
FNF:21
FNH:2
DA:14,0
DA:15,0
DA:16,0
DA:17,0
DA:18,0
DA:19,0
DA:20,0
DA:22,0
DA:23,0
DA:24,0
DA:29,0
DA:30,0
DA:31,0
DA:33,0
DA:34,0
DA:35,0
DA:37,0
DA:38,0
DA:39,0
DA:41,0
DA:42,0
DA:43,0
DA:52,0
DA:53,0
DA:54,0
DA:55,0
DA:56,0
DA:57,0
DA:58,0
DA:59,0
DA:60,0
DA:61,0
DA:62,0
DA:63,0
DA:64,0
DA:65,0
DA:73,0
DA:74,0
DA:75,0
DA:76,0
DA:77,0
DA:78,0
DA:79,0
DA:80,0
DA:81,0
DA:82,0
DA:83,0
DA:84,0
DA:89,0
DA:90,0
DA:91,0
DA:92,0
DA:93,0
DA:94,0
DA:95,0
DA:96,0
DA:102,0
DA:103,0
DA:104,0
DA:105,0
DA:106,0
DA:107,0
DA:108,0
DA:109,0
DA:114,0
DA:115,0
DA:116,0
DA:117,0
DA:118,0
DA:119,0
DA:120,0
DA:121,0
DA:125,0
DA:126,0
DA:127,0
DA:128,0
DA:129,0
DA:130,0
DA:131,0
DA:132,0
DA:133,0
DA:134,0
DA:135,0
DA:136,0
DA:137,0
DA:138,0
DA:139,0
DA:140,0
DA:141,0
DA:142,0
DA:143,0
DA:144,0
DA:145,0
DA:146,0
DA:147,0
DA:148,0
DA:149,0
DA:150,0
DA:151,0
DA:152,0
DA:153,0
DA:155,2
DA:156,2
DA:157,2
DA:158,2
DA:159,2
DA:160,2
DA:161,2
DA:162,2
DA:163,2
DA:165,0
DA:166,0
DA:167,0
DA:168,0
DA:169,0
DA:170,0
DA:171,0
DA:172,0
DA:173,0
DA:174,0
DA:175,0
DA:176,0
DA:177,0
DA:178,0
DA:179,0
DA:180,0
DA:181,0
DA:182,0
DA:183,0
DA:184,0
DA:185,0
DA:186,0
DA:195,5
DA:196,5
DA:197,5
DA:198,5
DA:199,5
DA:200,5
BRF:0
BRH:0
LF:184
LH:15
end_of_record
SF:/home/runner/work/catalog-api-client.swift/catalog-api-client.swift/Sources/CatalogAPIClient/CatalogModels.swift
FN:7,$s16CatalogAPIClient13TagAttributesV11displayNameSSvg
FN:7,$s16CatalogAPIClient13TagAttributesV11displayNameSSvgSSyKXEfu_
FN:7,$s16CatalogAPIClient13TagAttributesV11displayNameSSvgSSyKXEfu_SSyKXEfu0_
FN:21,$s16CatalogAPIClient15NamedAttributesV11displayNameSSvg
FN:21,$s16CatalogAPIClient15NamedAttributesV11displayNameSSvgSSyKXEfu_
FN:21,$s16CatalogAPIClient15NamedAttributesV11displayNameSSvgSSyKXEfu_SSyKXEfu0_
FN:30,$s16CatalogAPIClient16PersonAttributesV11displayNameSSvg
FN:33,$s16CatalogAPIClient16PersonAttributesV11displayNameSSvgSSSgAEXEfU_
FN:55,$s16CatalogAPIClient16ReviewAttributesV13displayAuthorSSvg
FN:55,$s16CatalogAPIClient16ReviewAttributesV13displayAuthorSSvgSSyKXEfu_
FN:55,$s16CatalogAPIClient16ReviewAttributesV13displayAuthorSSvgSSyKXEfu_SSyKXEfu0_
FN:55,$s16CatalogAPIClient16ReviewAttributesV13displayAuthorSSvgSSyKXEfu_SSyKXEfu0_SSyKXEfu1_
FN:56,$s16CatalogAPIClient16ReviewAttributesV13displayRatingSdvg
FN:56,$s16CatalogAPIClient16ReviewAttributesV13displayRatingSdvgSdyKXEfu_
FN:56,$s16CatalogAPIClient16ReviewAttributesV13displayRatingSdvgSdyKXEfu_SdyKXEfu0_
FN:57,$s16CatalogAPIClient16ReviewAttributesV11displayTextSSvg
FN:57,$s16CatalogAPIClient16ReviewAttributesV11displayTextSSvgSSyKXEfu_
FN:57,$s16CatalogAPIClient16ReviewAttributesV11displayTextSSvgSSyKXEfu_SSyKXEfu0_
FN:57,$s16CatalogAPIClient16ReviewAttributesV11displayTextSSvgSSyKXEfu_SSyKXEfu0_SSyKXEfu1_
FN:57,$s16CatalogAPIClient16ReviewAttributesV11displayTextSSvgSSyKXEfu_SSyKXEfu0_SSyKXEfu1_SSyKXEfu2_
FNDA:1,$s16CatalogAPIClient13TagAttributesV11displayNameSSvg
FNDA:0,$s16CatalogAPIClient13TagAttributesV11displayNameSSvgSSyKXEfu_
FNDA:0,$s16CatalogAPIClient13TagAttributesV11displayNameSSvgSSyKXEfu_SSyKXEfu0_
FNDA:2,$s16CatalogAPIClient15NamedAttributesV11displayNameSSvg
FNDA:1,$s16CatalogAPIClient15NamedAttributesV11displayNameSSvgSSyKXEfu_
FNDA:0,$s16CatalogAPIClient15NamedAttributesV11displayNameSSvgSSyKXEfu_SSyKXEfu0_
FNDA:1,$s16CatalogAPIClient16PersonAttributesV11displayNameSSvg
FNDA:0,$s16CatalogAPIClient16PersonAttributesV11displayNameSSvgSSSgAEXEfU_
FNDA:1,$s16CatalogAPIClient16ReviewAttributesV13displayAuthorSSvg
FNDA:1,$s16CatalogAPIClient16ReviewAttributesV13displayAuthorSSvgSSyKXEfu_
FNDA:1,$s16CatalogAPIClient16ReviewAttributesV13displayAuthorSSvgSSyKXEfu_SSyKXEfu0_
FNDA:0,$s16CatalogAPIClient16ReviewAttributesV13displayAuthorSSvgSSyKXEfu_SSyKXEfu0_SSyKXEfu1_
FNDA:1,$s16CatalogAPIClient16ReviewAttributesV13displayRatingSdvg
FNDA:1,$s16CatalogAPIClient16ReviewAttributesV13displayRatingSdvgSdyKXEfu_
FNDA:0,$s16CatalogAPIClient16ReviewAttributesV13displayRatingSdvgSdyKXEfu_SdyKXEfu0_
FNDA:1,$s16CatalogAPIClient16ReviewAttributesV11displayTextSSvg
FNDA:1,$s16CatalogAPIClient16ReviewAttributesV11displayTextSSvgSSyKXEfu_
FNDA:0,$s16CatalogAPIClient16ReviewAttributesV11displayTextSSvgSSyKXEfu_SSyKXEfu0_
FNDA:0,$s16CatalogAPIClient16ReviewAttributesV11displayTextSSvgSSyKXEfu_SSyKXEfu0_SSyKXEfu1_
FNDA:0,$s16CatalogAPIClient16ReviewAttributesV11displayTextSSvgSSyKXEfu_SSyKXEfu0_SSyKXEfu1_SSyKXEfu2_
FNF:20
FNH:11
DA:7,1
DA:21,2
DA:30,1
DA:31,1
DA:32,1
DA:33,0
DA:34,0
DA:35,1
DA:55,1
DA:56,1
DA:57,1
BRF:0
BRH:0
LF:25
LH:14
end_of_record
SF:/home/runner/work/catalog-api-client.swift/catalog-api-client.swift/Sources/CatalogAPIClient/JSONAPI.swift
FN:44,$s16CatalogAPIClient23JSONAPIRelationshipDataO4fromACs7Decoder_p_tKcfC
FN:53,$s16CatalogAPIClient23JSONAPIRelationshipDataO6encode2toys7Encoder_p_tKF
FN:61,$s16CatalogAPIClient23JSONAPIRelationshipDataO3idsSaySSGvg
FN:64,$s16CatalogAPIClient23JSONAPIRelationshipDataO3idsSaySSGvgSSAC18ResourceIdentifierVcfu_
FNDA:3,$s16CatalogAPIClient23JSONAPIRelationshipDataO4fromACs7Decoder_p_tKcfC
FNDA:0,$s16CatalogAPIClient23JSONAPIRelationshipDataO6encode2toys7Encoder_p_tKF
FNDA:3,$s16CatalogAPIClient23JSONAPIRelationshipDataO3idsSaySSGvg
FNDA:3,$s16CatalogAPIClient23JSONAPIRelationshipDataO3idsSaySSGvgSSAC18ResourceIdentifierVcfu_
FNF:4
FNH:3
DA:44,3
DA:45,3
DA:46,3
DA:47,2
DA:48,3
DA:49,1
DA:50,3
DA:51,3
DA:53,0
DA:54,0
DA:55,0
DA:56,0
DA:57,0
DA:58,0
DA:59,0
DA:61,3
DA:62,3
DA:63,3
DA:64,3
DA:65,3
DA:66,3
BRF:0
BRH:0
LF:22
LH:15
end_of_record
SF:/home/runner/work/catalog-api-client.swift/catalog-api-client.swift/Sources/CatalogAPIClient/VolumeWriteModels.swift
FN:12,$s16CatalogAPIClient0A8APIErrorV10statusCode5error7messageACSi_SSSgAGtcfC
FN:30,$s16CatalogAPIClient24ProposedChangeSubmissionV10proposalId6status7messageACSS_S2StcfC
FN:53,$s16CatalogAPIClient11FieldChangeV3old3new6statusACSSSg_AGSStcfC
FN:78,$s16CatalogAPIClient21ProposedChangeSummaryV2id10recordType0G2Id4diff6status11submittedBy0L2At08reviewedM00oN010reviewNoteACSS_S2SSDySSAA05FieldD0VGS2S10Foundation4DateVSSSgASSgATtcfC
FN:103,$s16CatalogAPIClient20ReviewProposalResultV10proposalId6status7applied8rejected9conflictsACSS_SSSaySSGSgA2JtcfC
FNDA:2,$s16CatalogAPIClient0A8APIErrorV10statusCode5error7messageACSi_SSSgAGtcfC
FNDA:0,$s16CatalogAPIClient24ProposedChangeSubmissionV10proposalId6status7messageACSS_S2StcfC
FNDA:0,$s16CatalogAPIClient11FieldChangeV3old3new6statusACSSSg_AGSStcfC
FNDA:0,$s16CatalogAPIClient21ProposedChangeSummaryV2id10recordType0G2Id4diff6status11submittedBy0L2At08reviewedM00oN010reviewNoteACSS_S2SSDySSAA05FieldD0VGS2S10Foundation4DateVSSSgASSgATtcfC
FNDA:0,$s16CatalogAPIClient20ReviewProposalResultV10proposalId6status7applied8rejected9conflictsACSS_SSSaySSGSgA2JtcfC
FNF:5
FNH:1
DA:12,2
DA:13,2
DA:14,2
DA:15,2
DA:16,2
DA:30,0
DA:31,0
DA:32,0
DA:33,0
DA:34,0
DA:53,0
DA:54,0
DA:55,0
DA:56,0
DA:57,0
DA:78,0
DA:79,0
DA:80,0
DA:81,0
DA:82,0
DA:83,0
DA:84,0
DA:85,0
DA:86,0
DA:87,0
DA:88,0
DA:89,0
DA:103,0
DA:104,0
DA:105,0
DA:106,0
DA:107,0
DA:108,0
DA:109,0
BRF:0
BRH:0
LF:34
LH:5
end_of_record
SF:/home/runner/work/catalog-api-client.swift/catalog-api-client.swift/Tests/CatalogAPIClientTests/CatalogAPIClientTests.swift
FN:8,$s21CatalogAPIClientTestsAAC42testDecodesVolumeDocumentWithRelationshipsyyKF
FN:17,$s21CatalogAPIClientTestsAAC42testDecodesVolumeDocumentWithRelationshipsyyKFSiyKXEfu_
FN:17,$s21CatalogAPIClientTestsAAC42testDecodesVolumeDocumentWithRelationshipsyyKFSiyKXEfu0_
FN:19,$s21CatalogAPIClientTestsAAC42testDecodesVolumeDocumentWithRelationshipsyyKFSSSgyKXEfu1_
FN:19,$s21CatalogAPIClientTestsAAC42testDecodesVolumeDocumentWithRelationshipsyyKFSSSgyKXEfu2_
FN:20,$s21CatalogAPIClientTestsAAC42testDecodesVolumeDocumentWithRelationshipsyyKFSSSgyKXEfu3_
FN:20,$s21CatalogAPIClientTestsAAC42testDecodesVolumeDocumentWithRelationshipsyyKFSSSgyKXEfu4_
FN:21,$s21CatalogAPIClientTestsAAC42testDecodesVolumeDocumentWithRelationshipsyyKFSaySSGSgyKXEfu5_
FN:21,$s21CatalogAPIClientTestsAAC42testDecodesVolumeDocumentWithRelationshipsyyKFSaySSGSgyKXEfu6_
FN:22,$s21CatalogAPIClientTestsAAC42testDecodesVolumeDocumentWithRelationshipsyyKFSaySSGSgyKXEfu7_
FN:22,$s21CatalogAPIClientTestsAAC42testDecodesVolumeDocumentWithRelationshipsyyKFSaySSGSgyKXEfu8_
FN:25,$s21CatalogAPIClientTestsAAC29testDecodesToManyRelationshipyyKF
FN:31,$s21CatalogAPIClientTestsAAC29testDecodesToManyRelationshipyyKFSaySSGSgyKXEfu_
FN:31,$s21CatalogAPIClientTestsAAC29testDecodesToManyRelationshipyyKFSaySSGSgyKXEfu0_
FN:37,$s21CatalogAPIClientTestsAAC49testDecodeFirstLineIgnoresTrailingMalformedObjectyyKF
FN:44,$s21CatalogAPIClientTestsAAC49testDecodeFirstLineIgnoresTrailingMalformedObjectyyKFSSSgyKXEfu_
FN:44,$s21CatalogAPIClientTestsAAC49testDecodeFirstLineIgnoresTrailingMalformedObjectyyKFSSSgyKXEfu0_
FN:47,$s21CatalogAPIClientTestsAAC035testDecodeFirstLineFailsOnMalformedfG0yyF
FN:50,$s21CatalogAPIClientTestsAAC035testDecodeFirstLineFailsOnMalformedfG0yyF0aB015JSONAPIDocumentVyAD15NamedAttributesVGyKXEfu_
FN:53,$s21CatalogAPIClientTestsAAC46testNamedAttributesDisplayNameFallsBackToTitleyyF
FN:56,$s21CatalogAPIClientTestsAAC46testNamedAttributesDisplayNameFallsBackToTitleyyFSSyKXEfu_
FN:56,$s21CatalogAPIClientTestsAAC46testNamedAttributesDisplayNameFallsBackToTitleyyFSSyKXEfu0_
FN:59,$s21CatalogAPIClientTestsAAC042testPersonAttributesDisplayNamePrefersFullH0yyF
FN:65,$s21CatalogAPIClientTestsAAC042testPersonAttributesDisplayNamePrefersFullH0yyFSSyKXEfu_
FN:65,$s21CatalogAPIClientTestsAAC042testPersonAttributesDisplayNamePrefersFullH0yyFSSyKXEfu0_
FN:68,$s21CatalogAPIClientTestsAAC54testReviewAttributesDisplayFieldsFallBackAcrossAliasesyyF
FN:74,$s21CatalogAPIClientTestsAAC54testReviewAttributesDisplayFieldsFallBackAcrossAliasesyyFSSyKXEfu_
FN:74,$s21CatalogAPIClientTestsAAC54testReviewAttributesDisplayFieldsFallBackAcrossAliasesyyFSSyKXEfu0_
FN:75,$s21CatalogAPIClientTestsAAC54testReviewAttributesDisplayFieldsFallBackAcrossAliasesyyFSdyKXEfu1_
FN:75,$s21CatalogAPIClientTestsAAC54testReviewAttributesDisplayFieldsFallBackAcrossAliasesyyFSdyKXEfu2_
FN:76,$s21CatalogAPIClientTestsAAC54testReviewAttributesDisplayFieldsFallBackAcrossAliasesyyFSSyKXEfu3_
FN:76,$s21CatalogAPIClientTestsAAC54testReviewAttributesDisplayFieldsFallBackAcrossAliasesyyFSSyKXEfu4_
FN:81,$s21CatalogAPIClientTestsAAC51testPatchVolumeRequestBodyEncodesOnlyProvidedFieldsyyKF
FN:89,$s21CatalogAPIClientTestsAAC51testPatchVolumeRequestBodyEncodesOnlyProvidedFieldsyyKFSSSgyKXEfu_
FN:89,$s21CatalogAPIClientTestsAAC51testPatchVolumeRequestBodyEncodesOnlyProvidedFieldsyyKFSSSgyKXEfu0_
FN:90,$s21CatalogAPIClientTestsAAC51testPatchVolumeRequestBodyEncodesOnlyProvidedFieldsyyKFypSgyKXEfu1_
FN:91,$s21CatalogAPIClientTestsAAC51testPatchVolumeRequestBodyEncodesOnlyProvidedFieldsyyKFypSgyKXEfu2_
FN:94,$s21CatalogAPIClientTestsAAC047testAcceptProposalRequestBodyOmittedFieldsMeansE3AllyyKF
FN:98,$s21CatalogAPIClientTestsAAC047testAcceptProposalRequestBodyOmittedFieldsMeansE3AllyyKFypSgyKXEfu_
FN:101,$s21CatalogAPIClientTestsAAC47testAcceptProposalRequestBodyEncodesFieldSubsetyyKF
FN:105,$s21CatalogAPIClientTestsAAC47testAcceptProposalRequestBodyEncodesFieldSubsetyyKFSaySSGSgyKXEfu_
FN:105,$s21CatalogAPIClientTestsAAC47testAcceptProposalRequestBodyEncodesFieldSubsetyyKFSaySSGSgyKXEfu0_
FN:108,$s21CatalogAPIClientTestsAAC43testVolumePatchResultDecodesAppliedResponseyyKF
FN:113,$s21CatalogAPIClientTestsAAC43testVolumePatchResultDecodesAppliedResponseyyKFSSyKXEfu_
FN:113,$s21CatalogAPIClientTestsAAC43testVolumePatchResultDecodesAppliedResponseyyKFSSyKXEfu0_
FN:114,$s21CatalogAPIClientTestsAAC43testVolumePatchResultDecodesAppliedResponseyyKFSSSgyKXEfu1_
FN:114,$s21CatalogAPIClientTestsAAC43testVolumePatchResultDecodesAppliedResponseyyKFSSSgyKXEfu2_
FN:117,$s21CatalogAPIClientTestsAAC35testProposedChangeSubmissionDecodesyyKF
FN:122,$s21CatalogAPIClientTestsAAC35testProposedChangeSubmissionDecodesyyKFSSyKXEfu_
FN:122,$s21CatalogAPIClientTestsAAC35testProposedChangeSubmissionDecodesyyKFSSyKXEfu0_
FN:123,$s21CatalogAPIClientTestsAAC35testProposedChangeSubmissionDecodesyyKFSSyKXEfu1_
FN:123,$s21CatalogAPIClientTestsAAC35testProposedChangeSubmissionDecodesyyKFSSyKXEfu2_
FN:126,$s21CatalogAPIClientTestsAAC48testProposedChangeSummaryDecodesWithISO8601DatesyyKF
FN:144,$s21CatalogAPIClientTestsAAC48testProposedChangeSummaryDecodesWithISO8601DatesyyKFSSyKXEfu_
FN:144,$s21CatalogAPIClientTestsAAC48testProposedChangeSummaryDecodesWithISO8601DatesyyKFSSyKXEfu0_
FN:145,$s21CatalogAPIClientTestsAAC48testProposedChangeSummaryDecodesWithISO8601DatesyyKFSSSgyKXEfu1_
FN:145,$s21CatalogAPIClientTestsAAC48testProposedChangeSummaryDecodesWithISO8601DatesyyKFSSSgyKXEfu2_
FN:146,$s21CatalogAPIClientTestsAAC48testProposedChangeSummaryDecodesWithISO8601DatesyyKFSSSgyKXEfu3_
FN:146,$s21CatalogAPIClientTestsAAC48testProposedChangeSummaryDecodesWithISO8601DatesyyKFSSSgyKXEfu4_
FN:147,$s21CatalogAPIClientTestsAAC48testProposedChangeSummaryDecodesWithISO8601DatesyyKFypSgyKXEfu5_
FN:150,$s21CatalogAPIClientTestsAAC40testReviewProposalResultDecodesConflictsyyKF
FN:155,$s21CatalogAPIClientTestsAAC40testReviewProposalResultDecodesConflictsyyKFSaySSGSgyKXEfu_
FN:155,$s21CatalogAPIClientTestsAAC40testReviewProposalResultDecodesConflictsyyKFSaySSGSgyKXEfu0_
FN:156,$s21CatalogAPIClientTestsAAC40testReviewProposalResultDecodesConflictsyyKFSaySSGSgyKXEfu1_
FN:156,$s21CatalogAPIClientTestsAAC40testReviewProposalResultDecodesConflictsyyKFSaySSGSgyKXEfu2_
FN:159,$s21CatalogAPIClientTestsAAC021testDecodeErrorParsesA12APIErrorBodyyyF
FN:164,$s21CatalogAPIClientTestsAAC021testDecodeErrorParsesA12APIErrorBodyyyFSiyKXEfu_
FN:164,$s21CatalogAPIClientTestsAAC021testDecodeErrorParsesA12APIErrorBodyyyFSiyKXEfu0_
FN:165,$s21CatalogAPIClientTestsAAC021testDecodeErrorParsesA12APIErrorBodyyyFSSSgyKXEfu1_
FN:165,$s21CatalogAPIClientTestsAAC021testDecodeErrorParsesA12APIErrorBodyyyFSSSgyKXEfu2_
FN:166,$s21CatalogAPIClientTestsAAC021testDecodeErrorParsesA12APIErrorBodyyyFSSSgyKXEfu3_
FN:166,$s21CatalogAPIClientTestsAAC021testDecodeErrorParsesA12APIErrorBodyyyFSSSgyKXEfu4_
FN:169,$s21CatalogAPIClientTestsAAC45testDecodeErrorFallsBackGracefullyOnEmptyBodyyyF
FN:171,$s21CatalogAPIClientTestsAAC45testDecodeErrorFallsBackGracefullyOnEmptyBodyyyFSiyKXEfu_
FN:171,$s21CatalogAPIClientTestsAAC45testDecodeErrorFallsBackGracefullyOnEmptyBodyyyFSiyKXEfu0_
FN:172,$s21CatalogAPIClientTestsAAC45testDecodeErrorFallsBackGracefullyOnEmptyBodyyyFypSgyKXEfu1_
FNDA:1,$s21CatalogAPIClientTestsAAC42testDecodesVolumeDocumentWithRelationshipsyyKF
FNDA:1,$s21CatalogAPIClientTestsAAC42testDecodesVolumeDocumentWithRelationshipsyyKFSiyKXEfu_
FNDA:1,$s21CatalogAPIClientTestsAAC42testDecodesVolumeDocumentWithRelationshipsyyKFSiyKXEfu0_
FNDA:1,$s21CatalogAPIClientTestsAAC42testDecodesVolumeDocumentWithRelationshipsyyKFSSSgyKXEfu1_
FNDA:1,$s21CatalogAPIClientTestsAAC42testDecodesVolumeDocumentWithRelationshipsyyKFSSSgyKXEfu2_
FNDA:1,$s21CatalogAPIClientTestsAAC42testDecodesVolumeDocumentWithRelationshipsyyKFSSSgyKXEfu3_
FNDA:1,$s21CatalogAPIClientTestsAAC42testDecodesVolumeDocumentWithRelationshipsyyKFSSSgyKXEfu4_
FNDA:1,$s21CatalogAPIClientTestsAAC42testDecodesVolumeDocumentWithRelationshipsyyKFSaySSGSgyKXEfu5_
FNDA:1,$s21CatalogAPIClientTestsAAC42testDecodesVolumeDocumentWithRelationshipsyyKFSaySSGSgyKXEfu6_
FNDA:1,$s21CatalogAPIClientTestsAAC42testDecodesVolumeDocumentWithRelationshipsyyKFSaySSGSgyKXEfu7_
FNDA:1,$s21CatalogAPIClientTestsAAC42testDecodesVolumeDocumentWithRelationshipsyyKFSaySSGSgyKXEfu8_
FNDA:1,$s21CatalogAPIClientTestsAAC29testDecodesToManyRelationshipyyKF
FNDA:1,$s21CatalogAPIClientTestsAAC29testDecodesToManyRelationshipyyKFSaySSGSgyKXEfu_
FNDA:1,$s21CatalogAPIClientTestsAAC29testDecodesToManyRelationshipyyKFSaySSGSgyKXEfu0_
FNDA:1,$s21CatalogAPIClientTestsAAC49testDecodeFirstLineIgnoresTrailingMalformedObjectyyKF
FNDA:1,$s21CatalogAPIClientTestsAAC49testDecodeFirstLineIgnoresTrailingMalformedObjectyyKFSSSgyKXEfu_
FNDA:1,$s21CatalogAPIClientTestsAAC49testDecodeFirstLineIgnoresTrailingMalformedObjectyyKFSSSgyKXEfu0_
FNDA:1,$s21CatalogAPIClientTestsAAC035testDecodeFirstLineFailsOnMalformedfG0yyF
FNDA:1,$s21CatalogAPIClientTestsAAC035testDecodeFirstLineFailsOnMalformedfG0yyF0aB015JSONAPIDocumentVyAD15NamedAttributesVGyKXEfu_
FNDA:1,$s21CatalogAPIClientTestsAAC46testNamedAttributesDisplayNameFallsBackToTitleyyF
FNDA:1,$s21CatalogAPIClientTestsAAC46testNamedAttributesDisplayNameFallsBackToTitleyyFSSyKXEfu_
FNDA:1,$s21CatalogAPIClientTestsAAC46testNamedAttributesDisplayNameFallsBackToTitleyyFSSyKXEfu0_
FNDA:1,$s21CatalogAPIClientTestsAAC042testPersonAttributesDisplayNamePrefersFullH0yyF
FNDA:1,$s21CatalogAPIClientTestsAAC042testPersonAttributesDisplayNamePrefersFullH0yyFSSyKXEfu_
FNDA:1,$s21CatalogAPIClientTestsAAC042testPersonAttributesDisplayNamePrefersFullH0yyFSSyKXEfu0_
FNDA:1,$s21CatalogAPIClientTestsAAC54testReviewAttributesDisplayFieldsFallBackAcrossAliasesyyF
FNDA:1,$s21CatalogAPIClientTestsAAC54testReviewAttributesDisplayFieldsFallBackAcrossAliasesyyFSSyKXEfu_
FNDA:1,$s21CatalogAPIClientTestsAAC54testReviewAttributesDisplayFieldsFallBackAcrossAliasesyyFSSyKXEfu0_
FNDA:1,$s21CatalogAPIClientTestsAAC54testReviewAttributesDisplayFieldsFallBackAcrossAliasesyyFSdyKXEfu1_
FNDA:1,$s21CatalogAPIClientTestsAAC54testReviewAttributesDisplayFieldsFallBackAcrossAliasesyyFSdyKXEfu2_
FNDA:1,$s21CatalogAPIClientTestsAAC54testReviewAttributesDisplayFieldsFallBackAcrossAliasesyyFSSyKXEfu3_
FNDA:1,$s21CatalogAPIClientTestsAAC54testReviewAttributesDisplayFieldsFallBackAcrossAliasesyyFSSyKXEfu4_
FNDA:1,$s21CatalogAPIClientTestsAAC51testPatchVolumeRequestBodyEncodesOnlyProvidedFieldsyyKF
FNDA:1,$s21CatalogAPIClientTestsAAC51testPatchVolumeRequestBodyEncodesOnlyProvidedFieldsyyKFSSSgyKXEfu_
FNDA:1,$s21CatalogAPIClientTestsAAC51testPatchVolumeRequestBodyEncodesOnlyProvidedFieldsyyKFSSSgyKXEfu0_
FNDA:1,$s21CatalogAPIClientTestsAAC51testPatchVolumeRequestBodyEncodesOnlyProvidedFieldsyyKFypSgyKXEfu1_
FNDA:1,$s21CatalogAPIClientTestsAAC51testPatchVolumeRequestBodyEncodesOnlyProvidedFieldsyyKFypSgyKXEfu2_
FNDA:1,$s21CatalogAPIClientTestsAAC047testAcceptProposalRequestBodyOmittedFieldsMeansE3AllyyKF
FNDA:1,$s21CatalogAPIClientTestsAAC047testAcceptProposalRequestBodyOmittedFieldsMeansE3AllyyKFypSgyKXEfu_
FNDA:1,$s21CatalogAPIClientTestsAAC47testAcceptProposalRequestBodyEncodesFieldSubsetyyKF
FNDA:1,$s21CatalogAPIClientTestsAAC47testAcceptProposalRequestBodyEncodesFieldSubsetyyKFSaySSGSgyKXEfu_
FNDA:1,$s21CatalogAPIClientTestsAAC47testAcceptProposalRequestBodyEncodesFieldSubsetyyKFSaySSGSgyKXEfu0_
FNDA:1,$s21CatalogAPIClientTestsAAC43testVolumePatchResultDecodesAppliedResponseyyKF
FNDA:1,$s21CatalogAPIClientTestsAAC43testVolumePatchResultDecodesAppliedResponseyyKFSSyKXEfu_
FNDA:1,$s21CatalogAPIClientTestsAAC43testVolumePatchResultDecodesAppliedResponseyyKFSSyKXEfu0_
FNDA:1,$s21CatalogAPIClientTestsAAC43testVolumePatchResultDecodesAppliedResponseyyKFSSSgyKXEfu1_
FNDA:1,$s21CatalogAPIClientTestsAAC43testVolumePatchResultDecodesAppliedResponseyyKFSSSgyKXEfu2_
FNDA:1,$s21CatalogAPIClientTestsAAC35testProposedChangeSubmissionDecodesyyKF
FNDA:1,$s21CatalogAPIClientTestsAAC35testProposedChangeSubmissionDecodesyyKFSSyKXEfu_
FNDA:1,$s21CatalogAPIClientTestsAAC35testProposedChangeSubmissionDecodesyyKFSSyKXEfu0_
FNDA:1,$s21CatalogAPIClientTestsAAC35testProposedChangeSubmissionDecodesyyKFSSyKXEfu1_
FNDA:1,$s21CatalogAPIClientTestsAAC35testProposedChangeSubmissionDecodesyyKFSSyKXEfu2_
FNDA:1,$s21CatalogAPIClientTestsAAC48testProposedChangeSummaryDecodesWithISO8601DatesyyKF
FNDA:1,$s21CatalogAPIClientTestsAAC48testProposedChangeSummaryDecodesWithISO8601DatesyyKFSSyKXEfu_
FNDA:1,$s21CatalogAPIClientTestsAAC48testProposedChangeSummaryDecodesWithISO8601DatesyyKFSSyKXEfu0_
FNDA:1,$s21CatalogAPIClientTestsAAC48testProposedChangeSummaryDecodesWithISO8601DatesyyKFSSSgyKXEfu1_
FNDA:1,$s21CatalogAPIClientTestsAAC48testProposedChangeSummaryDecodesWithISO8601DatesyyKFSSSgyKXEfu2_
FNDA:1,$s21CatalogAPIClientTestsAAC48testProposedChangeSummaryDecodesWithISO8601DatesyyKFSSSgyKXEfu3_
FNDA:1,$s21CatalogAPIClientTestsAAC48testProposedChangeSummaryDecodesWithISO8601DatesyyKFSSSgyKXEfu4_
FNDA:1,$s21CatalogAPIClientTestsAAC48testProposedChangeSummaryDecodesWithISO8601DatesyyKFypSgyKXEfu5_
FNDA:1,$s21CatalogAPIClientTestsAAC40testReviewProposalResultDecodesConflictsyyKF
FNDA:1,$s21CatalogAPIClientTestsAAC40testReviewProposalResultDecodesConflictsyyKFSaySSGSgyKXEfu_
FNDA:1,$s21CatalogAPIClientTestsAAC40testReviewProposalResultDecodesConflictsyyKFSaySSGSgyKXEfu0_
FNDA:1,$s21CatalogAPIClientTestsAAC40testReviewProposalResultDecodesConflictsyyKFSaySSGSgyKXEfu1_
FNDA:1,$s21CatalogAPIClientTestsAAC40testReviewProposalResultDecodesConflictsyyKFSaySSGSgyKXEfu2_
FNDA:1,$s21CatalogAPIClientTestsAAC021testDecodeErrorParsesA12APIErrorBodyyyF
FNDA:1,$s21CatalogAPIClientTestsAAC021testDecodeErrorParsesA12APIErrorBodyyyFSiyKXEfu_
FNDA:1,$s21CatalogAPIClientTestsAAC021testDecodeErrorParsesA12APIErrorBodyyyFSiyKXEfu0_
FNDA:1,$s21CatalogAPIClientTestsAAC021testDecodeErrorParsesA12APIErrorBodyyyFSSSgyKXEfu1_
FNDA:1,$s21CatalogAPIClientTestsAAC021testDecodeErrorParsesA12APIErrorBodyyyFSSSgyKXEfu2_
FNDA:1,$s21CatalogAPIClientTestsAAC021testDecodeErrorParsesA12APIErrorBodyyyFSSSgyKXEfu3_
FNDA:1,$s21CatalogAPIClientTestsAAC021testDecodeErrorParsesA12APIErrorBodyyyFSSSgyKXEfu4_
FNDA:1,$s21CatalogAPIClientTestsAAC45testDecodeErrorFallsBackGracefullyOnEmptyBodyyyF
FNDA:1,$s21CatalogAPIClientTestsAAC45testDecodeErrorFallsBackGracefullyOnEmptyBodyyyFSiyKXEfu_
FNDA:1,$s21CatalogAPIClientTestsAAC45testDecodeErrorFallsBackGracefullyOnEmptyBodyyyFSiyKXEfu0_
FNDA:1,$s21CatalogAPIClientTestsAAC45testDecodeErrorFallsBackGracefullyOnEmptyBodyyyFypSgyKXEfu1_
FNF:76
FNH:76
DA:8,1
DA:9,1
DA:10,1
DA:11,1
DA:12,1
DA:13,1
DA:14,1
DA:15,1
DA:16,1
DA:17,1
DA:18,1
DA:19,1
DA:20,1
DA:21,1
DA:22,1
DA:23,1
DA:25,1
DA:26,1
DA:27,1
DA:28,1
DA:29,1
DA:30,1
DA:31,1
DA:32,1
DA:37,1
DA:38,1
DA:39,1
DA:40,1
DA:41,1
DA:42,1
DA:43,1
DA:44,1
DA:45,1
DA:47,1
DA:48,1
DA:49,1
DA:50,1
DA:51,1
DA:53,1
DA:54,1
DA:55,1
DA:56,1
DA:57,1
DA:59,1
DA:60,1
DA:61,1
DA:62,1
DA:63,1
DA:64,1
DA:65,1
DA:66,1
DA:68,1
DA:69,1
DA:70,1
DA:71,1
DA:72,1
DA:73,1
DA:74,1
DA:75,1
DA:76,1
DA:77,1
DA:81,1
DA:82,1
DA:83,1
DA:84,1
DA:85,1
DA:86,1
DA:87,1
DA:88,1
DA:89,1
DA:90,1
DA:91,1
DA:92,1
DA:94,1
DA:95,1
DA:96,1
DA:97,1
DA:98,1
DA:99,1
DA:101,1
DA:102,1
DA:103,1
DA:104,1
DA:105,1
DA:106,1
DA:108,1
DA:109,1
DA:110,1
DA:111,1
DA:112,1
DA:113,1
DA:114,1
DA:115,1
DA:117,1
DA:118,1
DA:119,1
DA:120,1
DA:121,1
DA:122,1
DA:123,1
DA:124,1
DA:126,1
DA:127,1
DA:128,1
DA:129,1
DA:130,1
DA:131,1
DA:132,1
DA:133,1
DA:134,1
DA:135,1
DA:136,1
DA:137,1
DA:138,1
DA:139,1
DA:140,1
DA:141,1
DA:142,1
DA:143,1
DA:144,1
DA:145,1
DA:146,1
DA:147,1
DA:148,1
DA:150,1
DA:151,1
DA:152,1
DA:153,1
DA:154,1
DA:155,1
DA:156,1
DA:157,1
DA:159,1
DA:160,1
DA:161,1
DA:162,1
DA:163,1
DA:164,1
DA:165,1
DA:166,1
DA:167,1
DA:169,1
DA:170,1
DA:171,1
DA:172,1
DA:173,1
BRF:0
BRH:0
LF:206
LH:206
end_of_record
