SF:/home/runner/work/catalog-api-client.swift/catalog-api-client.swift/.build/x86_64-unknown-linux-gnu/debug/CatalogAPIClientPackageDiscoveredTests.derived/CatalogAPIClientTests.swift
FN:7,$s21CatalogAPIClientTestsAAC0ab17PackageDiscoveredC0E05__allc2__abC033_3B814CEC98CC95BA5488113F7BE97D1BLLSaySS_yyKcABctGvpZfiyyKcABcfu_
FN:7,$s21CatalogAPIClientTestsAAC0ab17PackageDiscoveredC0E05__allc2__abC033_3B814CEC98CC95BA5488113F7BE97D1BLLSaySS_yyKcABctGvpZfiyyKcABcfu_yyKcfu0_
FN:8,$s21CatalogAPIClientTestsAAC0ab17PackageDiscoveredC0E05__allc2__abC033_3B814CEC98CC95BA5488113F7BE97D1BLLSaySS_yyKcABctGvpZfiyyKcABcfu1_
FN:8,$s21CatalogAPIClientTestsAAC0ab17PackageDiscoveredC0E05__allc2__abC033_3B814CEC98CC95BA5488113F7BE97D1BLLSaySS_yyKcABctGvpZfiyyKcABcfu1_yyKcfu2_
FN:9,$s21CatalogAPIClientTestsAAC0ab17PackageDiscoveredC0E05__allc2__abC033_3B814CEC98CC95BA5488113F7BE97D1BLLSaySS_yyKcABctGvpZfiyyKcABcfu3_
FN:9,$s21CatalogAPIClientTestsAAC0ab17PackageDiscoveredC0E05__allc2__abC033_3B814CEC98CC95BA5488113F7BE97D1BLLSaySS_yyKcABctGvpZfiyyKcABcfu3_yyKcfu4_
FN:10,$s21CatalogAPIClientTestsAAC0ab17PackageDiscoveredC0E05__allc2__abC033_3B814CEC98CC95BA5488113F7BE97D1BLLSaySS_yyKcABctGvpZfiyyKcABcfu5_
FN:10,$s21CatalogAPIClientTestsAAC0ab17PackageDiscoveredC0E05__allc2__abC033_3B814CEC98CC95BA5488113F7BE97D1BLLSaySS_yyKcABctGvpZfiyyKcABcfu5_yyKcfu6_
FN:11,$s21CatalogAPIClientTestsAAC0ab17PackageDiscoveredC0E05__allc2__abC033_3B814CEC98CC95BA5488113F7BE97D1BLLSaySS_yyKcABctGvpZfiyyKcABcfu7_
FN:11,$s21CatalogAPIClientTestsAAC0ab17PackageDiscoveredC0E05__allc2__abC033_3B814CEC98CC95BA5488113F7BE97D1BLLSaySS_yyKcABctGvpZfiyyKcABcfu7_yyKcfu8_
FN:12,$s21CatalogAPIClientTestsAAC0ab17PackageDiscoveredC0E05__allc2__abC033_3B814CEC98CC95BA5488113F7BE97D1BLLSaySS_yyKcABctGvpZfiyycABcfu9_
FN:12,$s21CatalogAPIClientTestsAAC0ab17PackageDiscoveredC0E05__allc2__abC033_3B814CEC98CC95BA5488113F7BE97D1BLLSaySS_yyKcABctGvpZfiyycABcfu9_yycfu10_
FN:13,$s21CatalogAPIClientTestsAAC0ab17PackageDiscoveredC0E05__allc2__abC033_3B814CEC98CC95BA5488113F7BE97D1BLLSaySS_yyKcABctGvpZfiyycABcfu11_
FN:13,$s21CatalogAPIClientTestsAAC0ab17PackageDiscoveredC0E05__allc2__abC033_3B814CEC98CC95BA5488113F7BE97D1BLLSaySS_yyKcABctGvpZfiyycABcfu11_yycfu12_
FN:14,$s21CatalogAPIClientTestsAAC0ab17PackageDiscoveredC0E05__allc2__abC033_3B814CEC98CC95BA5488113F7BE97D1BLLSaySS_yyKcABctGvpZfiyycABcfu13_
FN:14,$s21CatalogAPIClientTestsAAC0ab17PackageDiscoveredC0E05__allc2__abC033_3B814CEC98CC95BA5488113F7BE97D1BLLSaySS_yyKcABctGvpZfiyycABcfu13_yycfu14_
FN:15,$s21CatalogAPIClientTestsAAC0ab17PackageDiscoveredC0E05__allc2__abC033_3B814CEC98CC95BA5488113F7BE97D1BLLSaySS_yyKcABctGvpZfiyyKcABcfu15_
FN:15,$s21CatalogAPIClientTestsAAC0ab17PackageDiscoveredC0E05__allc2__abC033_3B814CEC98CC95BA5488113F7BE97D1BLLSaySS_yyKcABctGvpZfiyyKcABcfu15_yyKcfu16_
FN:16,$s21CatalogAPIClientTestsAAC0ab17PackageDiscoveredC0E05__allc2__abC033_3B814CEC98CC95BA5488113F7BE97D1BLLSaySS_yyKcABctGvpZfiyyKcABcfu17_
FN:16,$s21CatalogAPIClientTestsAAC0ab17PackageDiscoveredC0E05__allc2__abC033_3B814CEC98CC95BA5488113F7BE97D1BLLSaySS_yyKcABctGvpZfiyyKcABcfu17_yyKcfu18_
FN:17,$s21CatalogAPIClientTestsAAC0ab17PackageDiscoveredC0E05__allc2__abC033_3B814CEC98CC95BA5488113F7BE97D1BLLSaySS_yyKcABctGvpZfiyyKcABcfu19_
FN:17,$s21CatalogAPIClientTestsAAC0ab17PackageDiscoveredC0E05__allc2__abC033_3B814CEC98CC95BA5488113F7BE97D1BLLSaySS_yyKcABctGvpZfiyyKcABcfu19_yyKcfu20_
FN:18,$s21CatalogAPIClientTestsAAC0ab17PackageDiscoveredC0E05__allc2__abC033_3B814CEC98CC95BA5488113F7BE97D1BLLSaySS_yyKcABctGvpZfiyyKcABcfu21_
FN:18,$s21CatalogAPIClientTestsAAC0ab17PackageDiscoveredC0E05__allc2__abC033_3B814CEC98CC95BA5488113F7BE97D1BLLSaySS_yyKcABctGvpZfiyyKcABcfu21_yyKcfu22_
FN:19,$s21CatalogAPIClientTestsAAC0ab17PackageDiscoveredC0E05__allc2__abC033_3B814CEC98CC95BA5488113F7BE97D1BLLSaySS_yyKcABctGvpZfiyyKcABcfu23_
FN:19,$s21CatalogAPIClientTestsAAC0ab17PackageDiscoveredC0E05__allc2__abC033_3B814CEC98CC95BA5488113F7BE97D1BLLSaySS_yyKcABctGvpZfiyyKcABcfu23_yyKcfu24_
FN:20,$s21CatalogAPIClientTestsAAC0ab17PackageDiscoveredC0E05__allc2__abC033_3B814CEC98CC95BA5488113F7BE97D1BLLSaySS_yyKcABctGvpZfiyyKcABcfu25_
FN:20,$s21CatalogAPIClientTestsAAC0ab17PackageDiscoveredC0E05__allc2__abC033_3B814CEC98CC95BA5488113F7BE97D1BLLSaySS_yyKcABctGvpZfiyyKcABcfu25_yyKcfu26_
FN:21,$s21CatalogAPIClientTestsAAC0ab17PackageDiscoveredC0E05__allc2__abC033_3B814CEC98CC95BA5488113F7BE97D1BLLSaySS_yyKcABctGvpZfiyycABcfu27_
FN:21,$s21CatalogAPIClientTestsAAC0ab17PackageDiscoveredC0E05__allc2__abC033_3B814CEC98CC95BA5488113F7BE97D1BLLSaySS_yyKcABctGvpZfiyycABcfu27_yycfu28_
FN:22,$s21CatalogAPIClientTestsAAC0ab17PackageDiscoveredC0E05__allc2__abC033_3B814CEC98CC95BA5488113F7BE97D1BLLSaySS_yyKcABctGvpZfiyycABcfu29_
FN:22,$s21CatalogAPIClientTestsAAC0ab17PackageDiscoveredC0E05__allc2__abC033_3B814CEC98CC95BA5488113F7BE97D1BLLSaySS_yyKcABctGvpZfiyycABcfu29_yycfu30_
FN:23,$s21CatalogAPIClientTestsAAC0ab17PackageDiscoveredC0E05__allc2__abC033_3B814CEC98CC95BA5488113F7BE97D1BLLSaySS_yyKcABctGvpZfiyyKcABcfu31_
FN:23,$s21CatalogAPIClientTestsAAC0ab17PackageDiscoveredC0E05__allc2__abC033_3B814CEC98CC95BA5488113F7BE97D1BLLSaySS_yyKcABctGvpZfiyyKcABcfu31_yyKcfu32_
FN:24,$s21CatalogAPIClientTestsAAC0ab17PackageDiscoveredC0E05__allc2__abC033_3B814CEC98CC95BA5488113F7BE97D1BLLSaySS_yyKcABctGvpZfiyycABcfu33_
FN:24,$s21CatalogAPIClientTestsAAC0ab17PackageDiscoveredC0E05__allc2__abC033_3B814CEC98CC95BA5488113F7BE97D1BLLSaySS_yyKcABctGvpZfiyycABcfu33_yycfu34_
FN:25,$s21CatalogAPIClientTestsAAC0ab17PackageDiscoveredC0E05__allc2__abC033_3B814CEC98CC95BA5488113F7BE97D1BLLSaySS_yyKcABctGvpZfiyyKcABcfu35_
FN:25,$s21CatalogAPIClientTestsAAC0ab17PackageDiscoveredC0E05__allc2__abC033_3B814CEC98CC95BA5488113F7BE97D1BLLSaySS_yyKcABctGvpZfiyyKcABcfu35_yyKcfu36_
FN:26,$s21CatalogAPIClientTestsAAC0ab17PackageDiscoveredC0E05__allc2__abC033_3B814CEC98CC95BA5488113F7BE97D1BLLSaySS_yyKcABctGvpZfiyyKcABcfu37_
FN:26,$s21CatalogAPIClientTestsAAC0ab17PackageDiscoveredC0E05__allc2__abC033_3B814CEC98CC95BA5488113F7BE97D1BLLSaySS_yyKcABctGvpZfiyyKcABcfu37_yyKcfu38_
FN:27,$s21CatalogAPIClientTestsAAC0ab17PackageDiscoveredC0E05__allc2__abC033_3B814CEC98CC95BA5488113F7BE97D1BLLSaySS_yyKcABctGvpZfiyycABcfu39_
FN:27,$s21CatalogAPIClientTestsAAC0ab17PackageDiscoveredC0E05__allc2__abC033_3B814CEC98CC95BA5488113F7BE97D1BLLSaySS_yyKcABctGvpZfiyycABcfu39_yycfu40_
FN:28,$s21CatalogAPIClientTestsAAC0ab17PackageDiscoveredC0E05__allc2__abC033_3B814CEC98CC95BA5488113F7BE97D1BLLSaySS_yyKcABctGvpZfiyycABcfu41_
FN:28,$s21CatalogAPIClientTestsAAC0ab17PackageDiscoveredC0E05__allc2__abC033_3B814CEC98CC95BA5488113F7BE97D1BLLSaySS_yyKcABctGvpZfiyycABcfu41_yycfu42_
FN:29,$s21CatalogAPIClientTestsAAC0ab17PackageDiscoveredC0E05__allc2__abC033_3B814CEC98CC95BA5488113F7BE97D1BLLSaySS_yyKcABctGvpZfiyyKcABcfu43_
FN:29,$s21CatalogAPIClientTestsAAC0ab17PackageDiscoveredC0E05__allc2__abC033_3B814CEC98CC95BA5488113F7BE97D1BLLSaySS_yyKcABctGvpZfiyyKcABcfu43_yyKcfu44_
FN:30,$s21CatalogAPIClientTestsAAC0ab17PackageDiscoveredC0E05__allc2__abC033_3B814CEC98CC95BA5488113F7BE97D1BLLSaySS_yyKcABctGvpZfiyyKcABcfu45_
FN:30,$s21CatalogAPIClientTestsAAC0ab17PackageDiscoveredC0E05__allc2__abC033_3B814CEC98CC95BA5488113F7BE97D1BLLSaySS_yyKcABctGvpZfiyyKcABcfu45_yyKcfu46_
FN:31,$s21CatalogAPIClientTestsAAC0ab17PackageDiscoveredC0E05__allc2__abC033_3B814CEC98CC95BA5488113F7BE97D1BLLSaySS_yyKcABctGvpZfiyycABcfu47_
FN:31,$s21CatalogAPIClientTestsAAC0ab17PackageDiscoveredC0E05__allc2__abC033_3B814CEC98CC95BA5488113F7BE97D1BLLSaySS_yyKcABctGvpZfiyycABcfu47_yycfu48_
FN:32,$s21CatalogAPIClientTestsAAC0ab17PackageDiscoveredC0E05__allc2__abC033_3B814CEC98CC95BA5488113F7BE97D1BLLSaySS_yyKcABctGvpZfiyyKcABcfu49_
FN:32,$s21CatalogAPIClientTestsAAC0ab17PackageDiscoveredC0E05__allc2__abC033_3B814CEC98CC95BA5488113F7BE97D1BLLSaySS_yyKcABctGvpZfiyyKcABcfu49_yyKcfu50_
FN:33,$s21CatalogAPIClientTestsAAC0ab17PackageDiscoveredC0E05__allc2__abC033_3B814CEC98CC95BA5488113F7BE97D1BLLSaySS_yyKcABctGvpZfiyyKcABcfu51_
FN:33,$s21CatalogAPIClientTestsAAC0ab17PackageDiscoveredC0E05__allc2__abC033_3B814CEC98CC95BA5488113F7BE97D1BLLSaySS_yyKcABctGvpZfiyyKcABcfu51_yyKcfu52_
FN:34,$s21CatalogAPIClientTestsAAC0ab17PackageDiscoveredC0E05__allc2__abC033_3B814CEC98CC95BA5488113F7BE97D1BLLSaySS_yyKcABctGvpZfiyyKcABcfu53_
FN:34,$s21CatalogAPIClientTestsAAC0ab17PackageDiscoveredC0E05__allc2__abC033_3B814CEC98CC95BA5488113F7BE97D1BLLSaySS_yyKcABctGvpZfiyyKcABcfu53_yyKcfu54_
FN:38,$s38CatalogAPIClientPackageDiscoveredTests02__abe5__allE0Say6XCTest0G4CaseCm04testH5Class_SaySS_yAEKctG0fE0tGyF
FNDA:1,$s21CatalogAPIClientTestsAAC0ab17PackageDiscoveredC0E05__allc2__abC033_3B814CEC98CC95BA5488113F7BE97D1BLLSaySS_yyKcABctGvpZfiyyKcABcfu_
FNDA:1,$s21CatalogAPIClientTestsAAC0ab17PackageDiscoveredC0E05__allc2__abC033_3B814CEC98CC95BA5488113F7BE97D1BLLSaySS_yyKcABctGvpZfiyyKcABcfu_yyKcfu0_
FNDA:1,$s21CatalogAPIClientTestsAAC0ab17PackageDiscoveredC0E05__allc2__abC033_3B814CEC98CC95BA5488113F7BE97D1BLLSaySS_yyKcABctGvpZfiyyKcABcfu1_
FNDA:1,$s21CatalogAPIClientTestsAAC0ab17PackageDiscoveredC0E05__allc2__abC033_3B814CEC98CC95BA5488113F7BE97D1BLLSaySS_yyKcABctGvpZfiyyKcABcfu1_yyKcfu2_
FNDA:1,$s21CatalogAPIClientTestsAAC0ab17PackageDiscoveredC0E05__allc2__abC033_3B814CEC98CC95BA5488113F7BE97D1BLLSaySS_yyKcABctGvpZfiyyKcABcfu3_
FNDA:1,$s21CatalogAPIClientTestsAAC0ab17PackageDiscoveredC0E05__allc2__abC033_3B814CEC98CC95BA5488113F7BE97D1BLLSaySS_yyKcABctGvpZfiyyKcABcfu3_yyKcfu4_
FNDA:1,$s21CatalogAPIClientTestsAAC0ab17PackageDiscoveredC0E05__allc2__abC033_3B814CEC98CC95BA5488113F7BE97D1BLLSaySS_yyKcABctGvpZfiyyKcABcfu5_
FNDA:1,$s21CatalogAPIClientTestsAAC0ab17PackageDiscoveredC0E05__allc2__abC033_3B814CEC98CC95BA5488113F7BE97D1BLLSaySS_yyKcABctGvpZfiyyKcABcfu5_yyKcfu6_
FNDA:1,$s21CatalogAPIClientTestsAAC0ab17PackageDiscoveredC0E05__allc2__abC033_3B814CEC98CC95BA5488113F7BE97D1BLLSaySS_yyKcABctGvpZfiyyKcABcfu7_
FNDA:1,$s21CatalogAPIClientTestsAAC0ab17PackageDiscoveredC0E05__allc2__abC033_3B814CEC98CC95BA5488113F7BE97D1BLLSaySS_yyKcABctGvpZfiyyKcABcfu7_yyKcfu8_
FNDA:1,$s21CatalogAPIClientTestsAAC0ab17PackageDiscoveredC0E05__allc2__abC033_3B814CEC98CC95BA5488113F7BE97D1BLLSaySS_yyKcABctGvpZfiyycABcfu9_
FNDA:1,$s21CatalogAPIClientTestsAAC0ab17PackageDiscoveredC0E05__allc2__abC033_3B814CEC98CC95BA5488113F7BE97D1BLLSaySS_yyKcABctGvpZfiyycABcfu9_yycfu10_
FNDA:1,$s21CatalogAPIClientTestsAAC0ab17PackageDiscoveredC0E05__allc2__abC033_3B814CEC98CC95BA5488113F7BE97D1BLLSaySS_yyKcABctGvpZfiyycABcfu11_
FNDA:1,$s21CatalogAPIClientTestsAAC0ab17PackageDiscoveredC0E05__allc2__abC033_3B814CEC98CC95BA5488113F7BE97D1BLLSaySS_yyKcABctGvpZfiyycABcfu11_yycfu12_
FNDA:1,$s21CatalogAPIClientTestsAAC0ab17PackageDiscoveredC0E05__allc2__abC033_3B814CEC98CC95BA5488113F7BE97D1BLLSaySS_yyKcABctGvpZfiyycABcfu13_
FNDA:1,$s21CatalogAPIClientTestsAAC0ab17PackageDiscoveredC0E05__allc2__abC033_3B814CEC98CC95BA5488113F7BE97D1BLLSaySS_yyKcABctGvpZfiyycABcfu13_yycfu14_
FNDA:1,$s21CatalogAPIClientTestsAAC0ab17PackageDiscoveredC0E05__allc2__abC033_3B814CEC98CC95BA5488113F7BE97D1BLLSaySS_yyKcABctGvpZfiyyKcABcfu15_
FNDA:1,$s21CatalogAPIClientTestsAAC0ab17PackageDiscoveredC0E05__allc2__abC033_3B814CEC98CC95BA5488113F7BE97D1BLLSaySS_yyKcABctGvpZfiyyKcABcfu15_yyKcfu16_
FNDA:1,$s21CatalogAPIClientTestsAAC0ab17PackageDiscoveredC0E05__allc2__abC033_3B814CEC98CC95BA5488113F7BE97D1BLLSaySS_yyKcABctGvpZfiyyKcABcfu17_
FNDA:1,$s21CatalogAPIClientTestsAAC0ab17PackageDiscoveredC0E05__allc2__abC033_3B814CEC98CC95BA5488113F7BE97D1BLLSaySS_yyKcABctGvpZfiyyKcABcfu17_yyKcfu18_
FNDA:1,$s21CatalogAPIClientTestsAAC0ab17PackageDiscoveredC0E05__allc2__abC033_3B814CEC98CC95BA5488113F7BE97D1BLLSaySS_yyKcABctGvpZfiyyKcABcfu19_
FNDA:1,$s21CatalogAPIClientTestsAAC0ab17PackageDiscoveredC0E05__allc2__abC033_3B814CEC98CC95BA5488113F7BE97D1BLLSaySS_yyKcABctGvpZfiyyKcABcfu19_yyKcfu20_
FNDA:1,$s21CatalogAPIClientTestsAAC0ab17PackageDiscoveredC0E05__allc2__abC033_3B814CEC98CC95BA5488113F7BE97D1BLLSaySS_yyKcABctGvpZfiyyKcABcfu21_
FNDA:1,$s21CatalogAPIClientTestsAAC0ab17PackageDiscoveredC0E05__allc2__abC033_3B814CEC98CC95BA5488113F7BE97D1BLLSaySS_yyKcABctGvpZfiyyKcABcfu21_yyKcfu22_
FNDA:1,$s21CatalogAPIClientTestsAAC0ab17PackageDiscoveredC0E05__allc2__abC033_3B814CEC98CC95BA5488113F7BE97D1BLLSaySS_yyKcABctGvpZfiyyKcABcfu23_
FNDA:1,$s21CatalogAPIClientTestsAAC0ab17PackageDiscoveredC0E05__allc2__abC033_3B814CEC98CC95BA5488113F7BE97D1BLLSaySS_yyKcABctGvpZfiyyKcABcfu23_yyKcfu24_
FNDA:1,$s21CatalogAPIClientTestsAAC0ab17PackageDiscoveredC0E05__allc2__abC033_3B814CEC98CC95BA5488113F7BE97D1BLLSaySS_yyKcABctGvpZfiyyKcABcfu25_
FNDA:1,$s21CatalogAPIClientTestsAAC0ab17PackageDiscoveredC0E05__allc2__abC033_3B814CEC98CC95BA5488113F7BE97D1BLLSaySS_yyKcABctGvpZfiyyKcABcfu25_yyKcfu26_
FNDA:1,$s21CatalogAPIClientTestsAAC0ab17PackageDiscoveredC0E05__allc2__abC033_3B814CEC98CC95BA5488113F7BE97D1BLLSaySS_yyKcABctGvpZfiyycABcfu27_
FNDA:1,$s21CatalogAPIClientTestsAAC0ab17PackageDiscoveredC0E05__allc2__abC033_3B814CEC98CC95BA5488113F7BE97D1BLLSaySS_yyKcABctGvpZfiyycABcfu27_yycfu28_
FNDA:1,$s21CatalogAPIClientTestsAAC0ab17PackageDiscoveredC0E05__allc2__abC033_3B814CEC98CC95BA5488113F7BE97D1BLLSaySS_yyKcABctGvpZfiyycABcfu29_
FNDA:1,$s21CatalogAPIClientTestsAAC0ab17PackageDiscoveredC0E05__allc2__abC033_3B814CEC98CC95BA5488113F7BE97D1BLLSaySS_yyKcABctGvpZfiyycABcfu29_yycfu30_
FNDA:1,$s21CatalogAPIClientTestsAAC0ab17PackageDiscoveredC0E05__allc2__abC033_3B814CEC98CC95BA5488113F7BE97D1BLLSaySS_yyKcABctGvpZfiyyKcABcfu31_
FNDA:1,$s21CatalogAPIClientTestsAAC0ab17PackageDiscoveredC0E05__allc2__abC033_3B814CEC98CC95BA5488113F7BE97D1BLLSaySS_yyKcABctGvpZfiyyKcABcfu31_yyKcfu32_
FNDA:1,$s21CatalogAPIClientTestsAAC0ab17PackageDiscoveredC0E05__allc2__abC033_3B814CEC98CC95BA5488113F7BE97D1BLLSaySS_yyKcABctGvpZfiyycABcfu33_
FNDA:1,$s21CatalogAPIClientTestsAAC0ab17PackageDiscoveredC0E05__allc2__abC033_3B814CEC98CC95BA5488113F7BE97D1BLLSaySS_yyKcABctGvpZfiyycABcfu33_yycfu34_
FNDA:1,$s21CatalogAPIClientTestsAAC0ab17PackageDiscoveredC0E05__allc2__abC033_3B814CEC98CC95BA5488113F7BE97D1BLLSaySS_yyKcABctGvpZfiyyKcABcfu35_
FNDA:1,$s21CatalogAPIClientTestsAAC0ab17PackageDiscoveredC0E05__allc2__abC033_3B814CEC98CC95BA5488113F7BE97D1BLLSaySS_yyKcABctGvpZfiyyKcABcfu35_yyKcfu36_
FNDA:1,$s21CatalogAPIClientTestsAAC0ab17PackageDiscoveredC0E05__allc2__abC033_3B814CEC98CC95BA5488113F7BE97D1BLLSaySS_yyKcABctGvpZfiyyKcABcfu37_
FNDA:1,$s21CatalogAPIClientTestsAAC0ab17PackageDiscoveredC0E05__allc2__abC033_3B814CEC98CC95BA5488113F7BE97D1BLLSaySS_yyKcABctGvpZfiyyKcABcfu37_yyKcfu38_
FNDA:1,$s21CatalogAPIClientTestsAAC0ab17PackageDiscoveredC0E05__allc2__abC033_3B814CEC98CC95BA5488113F7BE97D1BLLSaySS_yyKcABctGvpZfiyycABcfu39_
FNDA:1,$s21CatalogAPIClientTestsAAC0ab17PackageDiscoveredC0E05__allc2__abC033_3B814CEC98CC95BA5488113F7BE97D1BLLSaySS_yyKcABctGvpZfiyycABcfu39_yycfu40_
FNDA:1,$s21CatalogAPIClientTestsAAC0ab17PackageDiscoveredC0E05__allc2__abC033_3B814CEC98CC95BA5488113F7BE97D1BLLSaySS_yyKcABctGvpZfiyycABcfu41_
FNDA:1,$s21CatalogAPIClientTestsAAC0ab17PackageDiscoveredC0E05__allc2__abC033_3B814CEC98CC95BA5488113F7BE97D1BLLSaySS_yyKcABctGvpZfiyycABcfu41_yycfu42_
FNDA:1,$s21CatalogAPIClientTestsAAC0ab17PackageDiscoveredC0E05__allc2__abC033_3B814CEC98CC95BA5488113F7BE97D1BLLSaySS_yyKcABctGvpZfiyyKcABcfu43_
FNDA:1,$s21CatalogAPIClientTestsAAC0ab17PackageDiscoveredC0E05__allc2__abC033_3B814CEC98CC95BA5488113F7BE97D1BLLSaySS_yyKcABctGvpZfiyyKcABcfu43_yyKcfu44_
FNDA:1,$s21CatalogAPIClientTestsAAC0ab17PackageDiscoveredC0E05__allc2__abC033_3B814CEC98CC95BA5488113F7BE97D1BLLSaySS_yyKcABctGvpZfiyyKcABcfu45_
FNDA:1,$s21CatalogAPIClientTestsAAC0ab17PackageDiscoveredC0E05__allc2__abC033_3B814CEC98CC95BA5488113F7BE97D1BLLSaySS_yyKcABctGvpZfiyyKcABcfu45_yyKcfu46_
FNDA:1,$s21CatalogAPIClientTestsAAC0ab17PackageDiscoveredC0E05__allc2__abC033_3B814CEC98CC95BA5488113F7BE97D1BLLSaySS_yyKcABctGvpZfiyycABcfu47_
FNDA:1,$s21CatalogAPIClientTestsAAC0ab17PackageDiscoveredC0E05__allc2__abC033_3B814CEC98CC95BA5488113F7BE97D1BLLSaySS_yyKcABctGvpZfiyycABcfu47_yycfu48_
FNDA:1,$s21CatalogAPIClientTestsAAC0ab17PackageDiscoveredC0E05__allc2__abC033_3B814CEC98CC95BA5488113F7BE97D1BLLSaySS_yyKcABctGvpZfiyyKcABcfu49_
FNDA:1,$s21CatalogAPIClientTestsAAC0ab17PackageDiscoveredC0E05__allc2__abC033_3B814CEC98CC95BA5488113F7BE97D1BLLSaySS_yyKcABctGvpZfiyyKcABcfu49_yyKcfu50_
FNDA:1,$s21CatalogAPIClientTestsAAC0ab17PackageDiscoveredC0E05__allc2__abC033_3B814CEC98CC95BA5488113F7BE97D1BLLSaySS_yyKcABctGvpZfiyyKcABcfu51_
FNDA:1,$s21CatalogAPIClientTestsAAC0ab17PackageDiscoveredC0E05__allc2__abC033_3B814CEC98CC95BA5488113F7BE97D1BLLSaySS_yyKcABctGvpZfiyyKcABcfu51_yyKcfu52_
FNDA:1,$s21CatalogAPIClientTestsAAC0ab17PackageDiscoveredC0E05__allc2__abC033_3B814CEC98CC95BA5488113F7BE97D1BLLSaySS_yyKcABctGvpZfiyyKcABcfu53_
FNDA:1,$s21CatalogAPIClientTestsAAC0ab17PackageDiscoveredC0E05__allc2__abC033_3B814CEC98CC95BA5488113F7BE97D1BLLSaySS_yyKcABctGvpZfiyyKcABcfu53_yyKcfu54_
FNDA:1,$s38CatalogAPIClientPackageDiscoveredTests02__abe5__allE0Say6XCTest0G4CaseCm04testH5Class_SaySS_yAEKctG0fE0tGyF
FNF:29
FNH:29
DA:7,2
DA:8,2
DA:9,2
DA:10,2
DA:11,2
DA:12,2
DA:13,2
DA:14,2
DA:15,2
DA:16,2
DA:17,2
DA:18,2
DA:19,2
DA:20,2
DA:21,2
DA:22,2
DA:23,2
DA:24,2
DA:25,2
DA:26,2
DA:27,2
DA:28,2
DA:29,2
DA:30,2
DA:31,2
DA:32,2
DA:33,2
DA:34,2
DA:38,1
DA:39,1
DA:40,1
DA:41,1
DA:42,1
BRF:0
BRH:0
LF:33
LH:33
end_of_record
SF:/home/runner/work/catalog-api-client.swift/catalog-api-client.swift/.build/x86_64-unknown-linux-gnu/debug/CatalogAPIClientPackageDiscoveredTests.derived/all-discovered-tests.swift
FN:4,$s38CatalogAPIClientPackageDiscoveredTests05__alldE0Say6XCTest0G4CaseCm04testH5Class_SaySS_yAEKctG0fE0tGyF
FNDA:1,$s38CatalogAPIClientPackageDiscoveredTests05__alldE0Say6XCTest0G4CaseCm04testH5Class_SaySS_yAEKctG0fE0tGyF
FNF:1
FNH:1
DA:4,1
DA:5,1
DA:6,1
DA:7,1
DA:8,1
DA:9,1
DA:10,1
BRF:0
BRH:0
LF:7
LH:7
end_of_record
SF:/home/runner/work/catalog-api-client.swift/catalog-api-client.swift/.build/x86_64-unknown-linux-gnu/debug/CatalogAPIClientPackageTests.derived/runner.swift
FN:5,$s28CatalogAPIClientPackageTests21SwiftPMXCTestObserverCACycfc
FN:12,$s28CatalogAPIClientPackageTests21SwiftPMXCTestObserverC14testOutputPathSSvg
FN:16,$s28CatalogAPIClientPackageTests21SwiftPMXCTestObserverC5write33_C86367C900413C529A02C509F0E9ADFDLL6recordySE_p_tF
FN:18,$s28CatalogAPIClientPackageTests21SwiftPMXCTestObserverC5write33_C86367C900413C529A02C509F0E9ADFDLL6recordySE_p_tFyyXEfU_
FN:23,$s28CatalogAPIClientPackageTests21SwiftPMXCTestObserverC6_write33_C86367C900413C529A02C509F0E9ADFDLL6recordySE_p_tF
FN:36,$s28CatalogAPIClientPackageTests21SwiftPMXCTestObserverC19testBundleWillStartyy10Foundation0I0CF
FN:41,$s28CatalogAPIClientPackageTests21SwiftPMXCTestObserverC18testSuiteWillStartyy6XCTest0lI0CF
FN:46,$s28CatalogAPIClientPackageTests21SwiftPMXCTestObserverC17testCaseWillStartyy6XCTest0lI0CF
FN:62,$s28CatalogAPIClientPackageTests21SwiftPMXCTestObserverC8testCase_22didFailWithDescription6inFile6atLiney6XCTest0rI0C_S2SSgSitF
FN:69,$s28CatalogAPIClientPackageTests21SwiftPMXCTestObserverC17testCaseDidFinishyy6XCTest0lI0CF
FN:85,$s28CatalogAPIClientPackageTests21SwiftPMXCTestObserverC9testSuite_22didFailWithDescription6inFile6atLiney6XCTest0rI0C_S2SSgSitF
FN:92,$s28CatalogAPIClientPackageTests21SwiftPMXCTestObserverC18testSuiteDidFinishyy6XCTest0lI0CF
FN:97,$s28CatalogAPIClientPackageTests21SwiftPMXCTestObserverC19testBundleDidFinishyy10Foundation0I0CF
FN:129,$s28CatalogAPIClientPackageTests8FileLockC2atAC10Foundation3URLV_tcfc
FN:133,$s28CatalogAPIClientPackageTests8FileLockC4lockyyKF
FN:166,$s28CatalogAPIClientPackageTests8FileLockC4lockyyKFSSyXEfu_
FN:175,$s28CatalogAPIClientPackageTests8FileLockC4lockyyKFSSyXEfu0_
FN:180,$s28CatalogAPIClientPackageTests8FileLockC6unlockyyF
FN:195,$s28CatalogAPIClientPackageTests8FileLockCfd
FN:207,$s28CatalogAPIClientPackageTests8FileLockC04withF0yxxyKXEKlF
FN:213,$s28CatalogAPIClientPackageTests8FileLockC04withF0yxxyYaKXEYaKlF
FN:236,$s28CatalogAPIClientPackageTests15TestEventRecordV11caseFailure05suiteI006bundleF00jF00hF0AcA0e4CaseiG0VSg_AA0e5SuiteiG0VSgAA0e6BundlefG0VSgAA0emfG0VSgAA0elfG0VSgtcfC
FN:269,$s28CatalogAPIClientPackageTests21TestCaseFailureRecordV11descriptionSSvg
FN:310,$s28CatalogAPIClientPackageTests15TestFailureKindO10isExpectedSbvg
FN:341,$s28CatalogAPIClientPackageTests12TestLocationV11descriptionSSvg
FN:350,$s28CatalogAPIClientPackageTests21TestSourceCodeContextV11descriptionSSvg
FN:351,$s28CatalogAPIClientPackageTests21TestSourceCodeContextV11descriptionSSvgSSyKXEfu_
FN:374,$s28CatalogAPIClientPackageTests9TestIssueV11description6inFile6atLineACSS_SSSgSitcfC
FN:400,$s28CatalogAPIClientPackageTests10TestBundleVyAC10Foundation0F0CcfC
FN:409,$s28CatalogAPIClientPackageTests8TestCaseVyAC6XCTest0gF0CcfC
FN:415,$s28CatalogAPIClientPackageTests13TestErrorInfoVyACs0F0_pcfC
FN:490,$s28CatalogAPIClientPackageTests15TestSuiteRecordVyAC6XCTest0hF0CcfC
FN:501,$s28CatalogAPIClientPackageTests6RunnerV4mainyyFZ
FNDA:0,$s28CatalogAPIClientPackageTests21SwiftPMXCTestObserverCACycfc
FNDA:0,$s28CatalogAPIClientPackageTests21SwiftPMXCTestObserverC14testOutputPathSSvg
FNDA:0,$s28CatalogAPIClientPackageTests21SwiftPMXCTestObserverC5write33_C86367C900413C529A02C509F0E9ADFDLL6recordySE_p_tF
FNDA:0,$s28CatalogAPIClientPackageTests21SwiftPMXCTestObserverC5write33_C86367C900413C529A02C509F0E9ADFDLL6recordySE_p_tFyyXEfU_
FNDA:0,$s28CatalogAPIClientPackageTests21SwiftPMXCTestObserverC6_write33_C86367C900413C529A02C509F0E9ADFDLL6recordySE_p_tF
FNDA:0,$s28CatalogAPIClientPackageTests21SwiftPMXCTestObserverC19testBundleWillStartyy10Foundation0I0CF
FNDA:0,$s28CatalogAPIClientPackageTests21SwiftPMXCTestObserverC18testSuiteWillStartyy6XCTest0lI0CF
FNDA:0,$s28CatalogAPIClientPackageTests21SwiftPMXCTestObserverC17testCaseWillStartyy6XCTest0lI0CF
FNDA:0,$s28CatalogAPIClientPackageTests21SwiftPMXCTestObserverC8testCase_22didFailWithDescription6inFile6atLiney6XCTest0rI0C_S2SSgSitF
FNDA:0,$s28CatalogAPIClientPackageTests21SwiftPMXCTestObserverC17testCaseDidFinishyy6XCTest0lI0CF
FNDA:0,$s28CatalogAPIClientPackageTests21SwiftPMXCTestObserverC9testSuite_22didFailWithDescription6inFile6atLiney6XCTest0rI0C_S2SSgSitF
FNDA:0,$s28CatalogAPIClientPackageTests21SwiftPMXCTestObserverC18testSuiteDidFinishyy6XCTest0lI0CF
FNDA:0,$s28CatalogAPIClientPackageTests21SwiftPMXCTestObserverC19testBundleDidFinishyy10Foundation0I0CF
FNDA:0,$s28CatalogAPIClientPackageTests8FileLockC2atAC10Foundation3URLV_tcfc
FNDA:0,$s28CatalogAPIClientPackageTests8FileLockC4lockyyKF
FNDA:0,$s28CatalogAPIClientPackageTests8FileLockC4lockyyKFSSyXEfu_
FNDA:0,$s28CatalogAPIClientPackageTests8FileLockC4lockyyKFSSyXEfu0_
FNDA:0,$s28CatalogAPIClientPackageTests8FileLockC6unlockyyF
FNDA:0,$s28CatalogAPIClientPackageTests8FileLockCfd
FNDA:0,$s28CatalogAPIClientPackageTests8FileLockC04withF0yxxyKXEKlF
FNDA:0,$s28CatalogAPIClientPackageTests8FileLockC04withF0yxxyYaKXEYaKlF
FNDA:0,$s28CatalogAPIClientPackageTests15TestEventRecordV11caseFailure05suiteI006bundleF00jF00hF0AcA0e4CaseiG0VSg_AA0e5SuiteiG0VSgAA0e6BundlefG0VSgAA0emfG0VSgAA0elfG0VSgtcfC
FNDA:0,$s28CatalogAPIClientPackageTests21TestCaseFailureRecordV11descriptionSSvg
FNDA:0,$s28CatalogAPIClientPackageTests15TestFailureKindO10isExpectedSbvg
FNDA:0,$s28CatalogAPIClientPackageTests12TestLocationV11descriptionSSvg
FNDA:0,$s28CatalogAPIClientPackageTests21TestSourceCodeContextV11descriptionSSvg
FNDA:0,$s28CatalogAPIClientPackageTests21TestSourceCodeContextV11descriptionSSvgSSyKXEfu_
FNDA:0,$s28CatalogAPIClientPackageTests9TestIssueV11description6inFile6atLineACSS_SSSgSitcfC
FNDA:0,$s28CatalogAPIClientPackageTests10TestBundleVyAC10Foundation0F0CcfC
FNDA:0,$s28CatalogAPIClientPackageTests8TestCaseVyAC6XCTest0gF0CcfC
FNDA:0,$s28CatalogAPIClientPackageTests13TestErrorInfoVyACs0F0_pcfC
FNDA:0,$s28CatalogAPIClientPackageTests15TestSuiteRecordVyAC6XCTest0hF0CcfC
FNDA:1,$s28CatalogAPIClientPackageTests6RunnerV4mainyyFZ
FNF:33
FNH:1
DA:5,0
DA:6,0
DA:7,0
DA:8,0
DA:12,0
DA:13,0
DA:14,0
DA:16,0
DA:17,0
DA:18,0
DA:19,0
DA:20,0
DA:21,0
DA:23,0
DA:24,0
DA:25,0
DA:26,0
DA:27,0
DA:28,0
DA:29,0
DA:30,0
DA:31,0
DA:32,0
DA:33,0
DA:34,0
DA:36,0
DA:37,0
DA:38,0
DA:39,0
DA:41,0
DA:42,0
DA:43,0
DA:44,0
DA:46,0
DA:47,0
DA:48,0
DA:49,0
DA:62,0
DA:63,0
DA:64,0
DA:65,0
DA:66,0
DA:69,0
DA:70,0
DA:71,0
DA:72,0
DA:85,0
DA:86,0
DA:87,0
DA:88,0
DA:89,0
DA:92,0
DA:93,0
DA:94,0
DA:95,0
DA:97,0
DA:98,0
DA:99,0
DA:100,0
DA:129,0
DA:130,0
DA:131,0
DA:133,0
DA:134,0
DA:135,0
DA:136,0
DA:137,0
DA:138,0
DA:139,0
DA:140,0
DA:141,0
DA:142,0
DA:143,0
DA:144,0
DA:145,0
DA:146,0
DA:147,0
DA:148,0
DA:149,0
DA:150,0
DA:151,0
DA:152,0
DA:153,0
DA:154,0
DA:155,0
DA:156,0
DA:157,0
DA:158,0
DA:159,0
DA:160,0
DA:161,0
DA:162,0
DA:163,0
DA:164,0
DA:165,0
DA:166,0
DA:167,0
DA:168,0
DA:169,0
DA:170,0
DA:171,0
DA:172,0
DA:173,0
DA:174,0
DA:175,0
DA:176,0
DA:177,0
DA:178,0
DA:180,0
DA:181,0
DA:182,0
DA:183,0
DA:184,0
DA:185,0
DA:186,0
DA:187,0
DA:188,0
DA:189,0
DA:190,0
DA:191,0
DA:192,0
DA:193,0
DA:195,0
DA:196,0
DA:197,0
DA:198,0
DA:199,0
DA:200,0
DA:201,0
DA:202,0
DA:203,0
DA:204,0
DA:205,0
DA:207,0
DA:208,0
DA:209,0
DA:210,0
DA:211,0
DA:213,0
DA:214,0
DA:215,0
DA:216,0
DA:217,0
DA:236,0
DA:237,0
DA:238,0
DA:239,0
DA:240,0
DA:241,0
DA:242,0
DA:269,0
DA:270,0
DA:271,0
DA:310,0
DA:311,0
DA:312,0
DA:313,0
DA:314,0
DA:315,0
DA:341,0
DA:342,0
DA:343,0
DA:350,0
DA:351,0
DA:352,0
DA:374,0
DA:375,0
DA:376,0
DA:377,0
DA:378,0
DA:379,0
DA:380,0
DA:381,0
DA:382,0
DA:400,0
DA:401,0
DA:402,0
DA:403,0
DA:404,0
DA:405,0
DA:409,0
DA:410,0
DA:411,0
DA:415,0
DA:416,0
DA:417,0
DA:490,0
DA:491,0
DA:492,0
DA:501,1
DA:502,1
DA:503,1
DA:504,1
BRF:0
BRH:0
LF:199
LH:4
end_of_record
SF:/home/runner/work/catalog-api-client.swift/catalog-api-client.swift/Sources/CatalogAPIClient/CatalogAPIClient.swift
FN:14,$s16CatalogAPIClientAAV7baseURL14timeoutSecondsABSS_SdtcfC
FN:22,$s16CatalogAPIClientAAV12fetchVolumesAA15JSONAPIDocumentVyAA16VolumeAttributesVGyYaKF
FN:29,$s16CatalogAPIClientAAV10fetchNamed4pathAA15JSONAPIDocumentVyAA0D10AttributesVGSS_tYaKF
FN:33,$s16CatalogAPIClientAAV12fetchPersonsAA15JSONAPIDocumentVyAA16PersonAttributesVGyYaKF
FN:37,$s16CatalogAPIClientAAV11fetchPerson2idAA21JSONAPISingleDocumentVyAA0D10AttributesVGSS_tYaKF
FN:41,$s16CatalogAPIClientAAV18fetchPersonVolumes2idAA15JSONAPIDocumentVyAA16VolumeAttributesVGSS_tYaKF
FN:45,$s16CatalogAPIClientAAV15fetchPublishersAA15JSONAPIDocumentVyAA19PublisherAttributesVGyYaKF
FN:51,$s16CatalogAPIClientAAV14fetchPublisher2idAA21JSONAPISingleDocumentVyAA0D10AttributesVGSS_tYaKF
FN:56,$s16CatalogAPIClientAAV21fetchPublisherVolumes2idAA15JSONAPIDocumentVyAA16VolumeAttributesVGSS_tYaKF
FN:60,$s16CatalogAPIClientAAV12fetchStudiosAA15JSONAPIDocumentVyAA16StudioAttributesVGyYaKF
FN:64,$s16CatalogAPIClientAAV11fetchStudio2idAA21JSONAPISingleDocumentVyAA0D10AttributesVGSS_tYaKF
FN:68,$s16CatalogAPIClientAAV18fetchStudioVolumes2idAA15JSONAPIDocumentVyAA16VolumeAttributesVGSS_tYaKF
FN:72,$s16CatalogAPIClientAAV13fetchLicensesAA15JSONAPIDocumentVyAA17LicenseAttributesVGyYaKF
FN:76,$s16CatalogAPIClientAAV12fetchLicense2idAA21JSONAPISingleDocumentVyAA0D10AttributesVGSS_tYaKF
FN:80,$s16CatalogAPIClientAAV19fetchLicenseVolumes2idAA15JSONAPIDocumentVyAA16VolumeAttributesVGSS_tYaKF
FN:84,$s16CatalogAPIClientAAV18fetchContributionsAA15JSONAPIDocumentVyAA22ContributionAttributesVGyYaKF
FN:88,$s16CatalogAPIClientAAV12fetchReviewsAA15JSONAPIDocumentVyAA16ReviewAttributesVGyYaKF
FN:99,$s16CatalogAPIClientAAV11patchVolume2id5token5title11description5notesAA0D11PatchResultOSS_S2SSgA2KtYaKF
FN:120,$s16CatalogAPIClientAAV15finalizeSession2id5tokenAA17VolumePatchResultOSS_SStYaKF
FN:139,$s16CatalogAPIClientAAV11patchEntity4path2id5token6fieldsAA0D11PatchResultOyxGSS_S2SSDyS2SGtYaKSeRzSERzs8SendableRzlF
FN:158,$s16CatalogAPIClientAAV19listProposedChanges4path2id5tokenSayAA0D13ChangeSummaryVGSS_S2StYaKF
FN:171,$s16CatalogAPIClientAAV20acceptProposedChange4path2id10proposalID5token6fieldsAA20ReviewProposalResultVSS_S3SSaySSGSgtYaKF
FN:184,$s16CatalogAPIClientAAV20rejectProposedChange4path2id10proposalID5token4noteAA20ReviewProposalResultVSS_S4SSgtYaKF
FN:196,$s16CatalogAPIClientAAV19listProposedChanges8volumeID5tokenSayAA0D13ChangeSummaryVGSS_SStYaKF
FN:209,$s16CatalogAPIClientAAV20acceptProposedChange8volumeID08proposalG05token6fieldsAA20ReviewProposalResultVSS_S2SSaySSGSgtYaKF
FN:221,$s16CatalogAPIClientAAV20rejectProposedChange8volumeID08proposalG05token4noteAA20ReviewProposalResultVSS_S3SSgtYaKF
FN:233,$s16CatalogAPIClientAAV19fetchVolumeVersions2id5tokenSayAA0D17VersionAttributesVGSS_SStYaKF
FN:245,$s16CatalogAPIClientAAV18fetchVolumeVersion2id7version5tokenAA0dE10AttributesVSS_SiSStYaKF
FN:258,$s16CatalogAPIClientAAV19acceptVolumeVersion2id7version5token6fieldsAA06ReviewE6ResultVSS_SiSSSaySSGSgtYaKF
FN:270,$s16CatalogAPIClientAAV19rejectVolumeVersion2id7version5token4noteAA06ReviewE6ResultVSS_SiS2SSgtYaKF
FN:282,$s16CatalogAPIClientAAV23setCurrentVolumeVersion2id7version5tokenAA0eF10AttributesVSS_SiSStYaKF
FN:294,$s16CatalogAPIClientAAV15fetchVocabulary4type5tokenAA0D8ResponseVSS_SStYaKF
FN:305,$s16CatalogAPIClientAAV18addVocabularyValue4type5value5tokenAA0D8ResponseVSS_S2StYaKF
FN:315,$s16CatalogAPIClientAAV4send33_20CCDAA10CE935091D15CB93E7308CB5LL6method4path5token4body10Foundation4DataV_SitSS_S2SAKSgtYaKF
FN:326,$s16CatalogAPIClientAAV4send33_20CCDAA10CE935091D15CB93E7308CB5LL6method4path5token4body10Foundation4DataV_SitSS_S2SAKSgtYaKFyScCyAK_0N10Networking11URLResponseCts5Error_pGXEfU_
FN:328,$s16CatalogAPIClientAAV4send33_20CCDAA10CE935091D15CB93E7308CB5LL6method4path5token4body10Foundation4DataV_SitSS_S2SAKSgtYaKFyScCyAK_0N10Networking11URLResponseCts5Error_pGXEfU_yAL_AOSgsAP_pSgtcfU_
FN:345,$s16CatalogAPIClientAAV11decodeError_10statusCodeAA0A8APIErrorV10Foundation4DataV_SitFZ
FN:355,$s16CatalogAPIClientAAV5fetch33_20CCDAA10CE935091D15CB93E7308CB5LL4pathAA15JSONAPIDocumentVyxGSS_tYaKSeRzSERzs8SendableRzlF
FN:360,$s16CatalogAPIClientAAV5fetch33_20CCDAA10CE935091D15CB93E7308CB5LL4pathAA21JSONAPISingleDocumentVyxGSS_tYaKSeRzSERzs8SendableRzlF
FN:364,$s16CatalogAPIClientAAV8fetchRaw33_20CCDAA10CE935091D15CB93E7308CB5LL4path10Foundation4DataVSS_tYaKF
FN:368,$s16CatalogAPIClientAAV8fetchRaw33_20CCDAA10CE935091D15CB93E7308CB5LL4path10Foundation4DataVSS_tYaKFyScCyAH_0L10Networking11URLResponseCts5Error_pGXEfU_
FN:370,$s16CatalogAPIClientAAV8fetchRaw33_20CCDAA10CE935091D15CB93E7308CB5LL4path10Foundation4DataVSS_tYaKFyScCyAH_0L10Networking11URLResponseCts5Error_pGXEfU_yAHSg_AKSgsAL_pSgtcfU_
FN:394,$s16CatalogAPIClientAAV15decodeFirstLineyx10Foundation4DataVKSeRzlFZ
FN:397,$s16CatalogAPIClientAAV15decodeFirstLineyx10Foundation4DataVKSeRzlFZAFyKXEfu_
FN:397,$s16CatalogAPIClientAAV15decodeFirstLineyx10Foundation4DataVKSeRzlFZAFyKXEfu_ys15UnboundedRange_Ocfu0_
FNDA:0,$s16CatalogAPIClientAAV7baseURL14timeoutSecondsABSS_SdtcfC
FNDA:0,$s16CatalogAPIClientAAV12fetchVolumesAA15JSONAPIDocumentVyAA16VolumeAttributesVGyYaKF
FNDA:0,$s16CatalogAPIClientAAV10fetchNamed4pathAA15JSONAPIDocumentVyAA0D10AttributesVGSS_tYaKF
FNDA:0,$s16CatalogAPIClientAAV12fetchPersonsAA15JSONAPIDocumentVyAA16PersonAttributesVGyYaKF
FNDA:0,$s16CatalogAPIClientAAV11fetchPerson2idAA21JSONAPISingleDocumentVyAA0D10AttributesVGSS_tYaKF
FNDA:0,$s16CatalogAPIClientAAV18fetchPersonVolumes2idAA15JSONAPIDocumentVyAA16VolumeAttributesVGSS_tYaKF
FNDA:0,$s16CatalogAPIClientAAV15fetchPublishersAA15JSONAPIDocumentVyAA19PublisherAttributesVGyYaKF
FNDA:0,$s16CatalogAPIClientAAV14fetchPublisher2idAA21JSONAPISingleDocumentVyAA0D10AttributesVGSS_tYaKF
FNDA:0,$s16CatalogAPIClientAAV21fetchPublisherVolumes2idAA15JSONAPIDocumentVyAA16VolumeAttributesVGSS_tYaKF
FNDA:0,$s16CatalogAPIClientAAV12fetchStudiosAA15JSONAPIDocumentVyAA16StudioAttributesVGyYaKF
FNDA:0,$s16CatalogAPIClientAAV11fetchStudio2idAA21JSONAPISingleDocumentVyAA0D10AttributesVGSS_tYaKF
FNDA:0,$s16CatalogAPIClientAAV18fetchStudioVolumes2idAA15JSONAPIDocumentVyAA16VolumeAttributesVGSS_tYaKF
FNDA:0,$s16CatalogAPIClientAAV13fetchLicensesAA15JSONAPIDocumentVyAA17LicenseAttributesVGyYaKF
FNDA:0,$s16CatalogAPIClientAAV12fetchLicense2idAA21JSONAPISingleDocumentVyAA0D10AttributesVGSS_tYaKF
FNDA:0,$s16CatalogAPIClientAAV19fetchLicenseVolumes2idAA15JSONAPIDocumentVyAA16VolumeAttributesVGSS_tYaKF
FNDA:0,$s16CatalogAPIClientAAV18fetchContributionsAA15JSONAPIDocumentVyAA22ContributionAttributesVGyYaKF
FNDA:0,$s16CatalogAPIClientAAV12fetchReviewsAA15JSONAPIDocumentVyAA16ReviewAttributesVGyYaKF
FNDA:0,$s16CatalogAPIClientAAV11patchVolume2id5token5title11description5notesAA0D11PatchResultOSS_S2SSgA2KtYaKF
FNDA:0,$s16CatalogAPIClientAAV15finalizeSession2id5tokenAA17VolumePatchResultOSS_SStYaKF
FNDA:0,$s16CatalogAPIClientAAV11patchEntity4path2id5token6fieldsAA0D11PatchResultOyxGSS_S2SSDyS2SGtYaKSeRzSERzs8SendableRzlF
FNDA:0,$s16CatalogAPIClientAAV19listProposedChanges4path2id5tokenSayAA0D13ChangeSummaryVGSS_S2StYaKF
FNDA:0,$s16CatalogAPIClientAAV20acceptProposedChange4path2id10proposalID5token6fieldsAA20ReviewProposalResultVSS_S3SSaySSGSgtYaKF
FNDA:0,$s16CatalogAPIClientAAV20rejectProposedChange4path2id10proposalID5token4noteAA20ReviewProposalResultVSS_S4SSgtYaKF
FNDA:0,$s16CatalogAPIClientAAV19listProposedChanges8volumeID5tokenSayAA0D13ChangeSummaryVGSS_SStYaKF
FNDA:0,$s16CatalogAPIClientAAV20acceptProposedChange8volumeID08proposalG05token6fieldsAA20ReviewProposalResultVSS_S2SSaySSGSgtYaKF
FNDA:0,$s16CatalogAPIClientAAV20rejectProposedChange8volumeID08proposalG05token4noteAA20ReviewProposalResultVSS_S3SSgtYaKF
FNDA:0,$s16CatalogAPIClientAAV19fetchVolumeVersions2id5tokenSayAA0D17VersionAttributesVGSS_SStYaKF
FNDA:0,$s16CatalogAPIClientAAV18fetchVolumeVersion2id7version5tokenAA0dE10AttributesVSS_SiSStYaKF
FNDA:0,$s16CatalogAPIClientAAV19acceptVolumeVersion2id7version5token6fieldsAA06ReviewE6ResultVSS_SiSSSaySSGSgtYaKF
FNDA:0,$s16CatalogAPIClientAAV19rejectVolumeVersion2id7version5token4noteAA06ReviewE6ResultVSS_SiS2SSgtYaKF
FNDA:0,$s16CatalogAPIClientAAV23setCurrentVolumeVersion2id7version5tokenAA0eF10AttributesVSS_SiSStYaKF
FNDA:0,$s16CatalogAPIClientAAV15fetchVocabulary4type5tokenAA0D8ResponseVSS_SStYaKF
FNDA:0,$s16CatalogAPIClientAAV18addVocabularyValue4type5value5tokenAA0D8ResponseVSS_S2StYaKF
FNDA:0,$s16CatalogAPIClientAAV4send33_20CCDAA10CE935091D15CB93E7308CB5LL6method4path5token4body10Foundation4DataV_SitSS_S2SAKSgtYaKF
FNDA:0,$s16CatalogAPIClientAAV4send33_20CCDAA10CE935091D15CB93E7308CB5LL6method4path5token4body10Foundation4DataV_SitSS_S2SAKSgtYaKFyScCyAK_0N10Networking11URLResponseCts5Error_pGXEfU_
FNDA:0,$s16CatalogAPIClientAAV4send33_20CCDAA10CE935091D15CB93E7308CB5LL6method4path5token4body10Foundation4DataV_SitSS_S2SAKSgtYaKFyScCyAK_0N10Networking11URLResponseCts5Error_pGXEfU_yAL_AOSgsAP_pSgtcfU_
FNDA:2,$s16CatalogAPIClientAAV11decodeError_10statusCodeAA0A8APIErrorV10Foundation4DataV_SitFZ
FNDA:0,$s16CatalogAPIClientAAV5fetch33_20CCDAA10CE935091D15CB93E7308CB5LL4pathAA15JSONAPIDocumentVyxGSS_tYaKSeRzSERzs8SendableRzlF
FNDA:0,$s16CatalogAPIClientAAV5fetch33_20CCDAA10CE935091D15CB93E7308CB5LL4pathAA21JSONAPISingleDocumentVyxGSS_tYaKSeRzSERzs8SendableRzlF
FNDA:0,$s16CatalogAPIClientAAV8fetchRaw33_20CCDAA10CE935091D15CB93E7308CB5LL4path10Foundation4DataVSS_tYaKF
FNDA:0,$s16CatalogAPIClientAAV8fetchRaw33_20CCDAA10CE935091D15CB93E7308CB5LL4path10Foundation4DataVSS_tYaKFyScCyAH_0L10Networking11URLResponseCts5Error_pGXEfU_
FNDA:0,$s16CatalogAPIClientAAV8fetchRaw33_20CCDAA10CE935091D15CB93E7308CB5LL4path10Foundation4DataVSS_tYaKFyScCyAH_0L10Networking11URLResponseCts5Error_pGXEfU_yAHSg_AKSgsAL_pSgtcfU_
FNDA:8,$s16CatalogAPIClientAAV15decodeFirstLineyx10Foundation4DataVKSeRzlFZ
FNDA:0,$s16CatalogAPIClientAAV15decodeFirstLineyx10Foundation4DataVKSeRzlFZAFyKXEfu_
FNDA:0,$s16CatalogAPIClientAAV15decodeFirstLineyx10Foundation4DataVKSeRzlFZAFyKXEfu_ys15UnboundedRange_Ocfu0_
FNF:45
FNH:2
DA:14,0
DA:15,0
DA:16,0
DA:17,0
DA:18,0
DA:19,0
DA:20,0
DA:22,0
DA:23,0
DA:24,0
DA:29,0
DA:30,0
DA:31,0
DA:33,0
DA:34,0
DA:35,0
DA:37,0
DA:38,0
DA:39,0
DA:41,0
DA:42,0
DA:43,0
DA:45,0
DA:46,0
DA:47,0
DA:51,0
DA:52,0
DA:53,0
DA:56,0
DA:57,0
DA:58,0
DA:60,0
DA:61,0
DA:62,0
DA:64,0
DA:65,0
DA:66,0
DA:68,0
DA:69,0
DA:70,0
DA:72,0
DA:73,0
DA:74,0
DA:76,0
DA:77,0
DA:78,0
DA:80,0
DA:81,0
DA:82,0
DA:84,0
DA:85,0
DA:86,0
DA:88,0
DA:89,0
DA:90,0
DA:99,0
DA:100,0
DA:101,0
DA:102,0
DA:103,0
DA:104,0
DA:105,0
DA:106,0
DA:107,0
DA:108,0
DA:109,0
DA:110,0
DA:111,0
DA:112,0
DA:120,0
DA:121,0
DA:122,0
DA:123,0
DA:124,0
DA:125,0
DA:126,0
DA:127,0
DA:128,0
DA:129,0
DA:130,0
DA:131,0
DA:139,0
DA:140,0
DA:141,0
DA:142,0
DA:143,0
DA:144,0
DA:145,0
DA:146,0
DA:147,0
DA:148,0
DA:149,0
DA:150,0
DA:151,0
DA:158,0
DA:159,0
DA:160,0
DA:161,0
DA:162,0
DA:163,0
DA:164,0
DA:165,0
DA:171,0
DA:172,0
DA:173,0
DA:174,0
DA:175,0
DA:176,0
DA:177,0
DA:178,0
DA:184,0
DA:185,0
DA:186,0
DA:187,0
DA:188,0
DA:189,0
DA:190,0
DA:191,0
DA:196,0
DA:197,0
DA:198,0
DA:199,0
DA:200,0
DA:201,0
DA:202,0
DA:203,0
DA:209,0
DA:210,0
DA:211,0
DA:212,0
DA:213,0
DA:214,0
DA:215,0
DA:216,0
DA:221,0
DA:222,0
DA:223,0
DA:224,0
DA:225,0
DA:226,0
DA:227,0
DA:228,0
DA:233,0
DA:234,0
DA:235,0
DA:236,0
DA:237,0
DA:238,0
DA:239,0
DA:240,0
DA:245,0
DA:246,0
DA:247,0
DA:248,0
DA:249,0
DA:250,0
DA:251,0
DA:252,0
DA:258,0
DA:259,0
DA:260,0
DA:261,0
DA:262,0
DA:263,0
DA:264,0
DA:270,0
DA:271,0
DA:272,0
DA:273,0
DA:274,0
DA:275,0
DA:276,0
DA:282,0
DA:283,0
DA:284,0
DA:285,0
DA:286,0
DA:287,0
DA:288,0
DA:289,0
DA:294,0
DA:295,0
DA:296,0
DA:297,0
DA:298,0
DA:299,0
DA:305,0
DA:306,0
DA:307,0
DA:308,0
DA:309,0
DA:310,0
DA:311,0
DA:315,0
DA:316,0
DA:317,0
DA:318,0
DA:319,0
DA:320,0
DA:321,0
DA:322,0
DA:323,0
DA:324,0
DA:325,0
DA:326,0
DA:327,0
DA:328,0
DA:329,0
DA:330,0
DA:331,0
DA:332,0
DA:333,0
DA:334,0
DA:335,0
DA:336,0
DA:337,0
DA:338,0
DA:339,0
DA:340,0
DA:341,0
DA:342,0
DA:343,0
DA:345,2
DA:346,2
DA:347,2
DA:348,2
DA:349,2
DA:350,2
DA:351,2
DA:352,2
DA:353,2
DA:355,0
DA:356,0
DA:357,0
DA:360,0
DA:361,0
DA:362,0
DA:364,0
DA:365,0
DA:366,0
DA:367,0
DA:368,0
DA:369,0
DA:370,0
DA:371,0
DA:372,0
DA:373,0
DA:374,0
DA:375,0
DA:376,0
DA:377,0
DA:378,0
DA:379,0
DA:380,0
DA:381,0
DA:382,0
DA:383,0
DA:384,0
DA:385,0
DA:394,8
DA:395,8
DA:396,8
DA:397,8
DA:398,8
DA:399,8
BRF:0
BRH:0
LF:311
LH:15
end_of_record
SF:/home/runner/work/catalog-api-client.swift/catalog-api-client.swift/Sources/CatalogAPIClient/CatalogModels.swift
FN:7,$s16CatalogAPIClient13TagAttributesV11displayNameSSvg
FN:7,$s16CatalogAPIClient13TagAttributesV11displayNameSSvgSSyKXEfu_
FN:7,$s16CatalogAPIClient13TagAttributesV11displayNameSSvgSSyKXEfu_SSyKXEfu0_
FN:18,$s16CatalogAPIClient18PropertyAttributesV4name4kind5valueACSS_S2StcfC
FN:39,$s16CatalogAPIClient15NamedAttributesV11displayNameSSvg
FN:39,$s16CatalogAPIClient15NamedAttributesV11displayNameSSvgSSyKXEfu_
FN:39,$s16CatalogAPIClient15NamedAttributesV11displayNameSSvgSSyKXEfu_SSyKXEfu0_
FN:50,$s16CatalogAPIClient16PersonAttributesV11displayNameSSvg
FN:53,$s16CatalogAPIClient16PersonAttributesV11displayNameSSvgSSSgAEXEfU_
FN:68,$s16CatalogAPIClient19PublisherAttributesV11displayNameSSvg
FN:68,$s16CatalogAPIClient19PublisherAttributesV11displayNameSSvgSSyKXEfu_
FN:79,$s16CatalogAPIClient16StudioAttributesV11displayNameSSvg
FN:79,$s16CatalogAPIClient16StudioAttributesV11displayNameSSvgSSyKXEfu_
FN:96,$s16CatalogAPIClient17LicenseAttributesV11displayNameSSvg
FN:96,$s16CatalogAPIClient17LicenseAttributesV11displayNameSSvgSSyKXEfu_
FN:116,$s16CatalogAPIClient16ReviewAttributesV13displayAuthorSSvg
FN:116,$s16CatalogAPIClient16ReviewAttributesV13displayAuthorSSvgSSyKXEfu_
FN:116,$s16CatalogAPIClient16ReviewAttributesV13displayAuthorSSvgSSyKXEfu_SSyKXEfu0_
FN:116,$s16CatalogAPIClient16ReviewAttributesV13displayAuthorSSvgSSyKXEfu_SSyKXEfu0_SSyKXEfu1_
FN:117,$s16CatalogAPIClient16ReviewAttributesV13displayRatingSdvg
FN:117,$s16CatalogAPIClient16ReviewAttributesV13displayRatingSdvgSdyKXEfu_
FN:117,$s16CatalogAPIClient16ReviewAttributesV13displayRatingSdvgSdyKXEfu_SdyKXEfu0_
FN:118,$s16CatalogAPIClient16ReviewAttributesV11displayTextSSvg
FN:118,$s16CatalogAPIClient16ReviewAttributesV11displayTextSSvgSSyKXEfu_
FN:118,$s16CatalogAPIClient16ReviewAttributesV11displayTextSSvgSSyKXEfu_SSyKXEfu0_
FN:118,$s16CatalogAPIClient16ReviewAttributesV11displayTextSSvgSSyKXEfu_SSyKXEfu0_SSyKXEfu1_
FN:118,$s16CatalogAPIClient16ReviewAttributesV11displayTextSSvgSSyKXEfu_SSyKXEfu0_SSyKXEfu1_SSyKXEfu2_
FNDA:1,$s16CatalogAPIClient13TagAttributesV11displayNameSSvg
FNDA:0,$s16CatalogAPIClient13TagAttributesV11displayNameSSvgSSyKXEfu_
FNDA:0,$s16CatalogAPIClient13TagAttributesV11displayNameSSvgSSyKXEfu_SSyKXEfu0_
FNDA:0,$s16CatalogAPIClient18PropertyAttributesV4name4kind5valueACSS_S2StcfC
FNDA:2,$s16CatalogAPIClient15NamedAttributesV11displayNameSSvg
FNDA:1,$s16CatalogAPIClient15NamedAttributesV11displayNameSSvgSSyKXEfu_
FNDA:0,$s16CatalogAPIClient15NamedAttributesV11displayNameSSvgSSyKXEfu_SSyKXEfu0_
FNDA:1,$s16CatalogAPIClient16PersonAttributesV11displayNameSSvg
FNDA:0,$s16CatalogAPIClient16PersonAttributesV11displayNameSSvgSSSgAEXEfU_
FNDA:1,$s16CatalogAPIClient19PublisherAttributesV11displayNameSSvg
FNDA:0,$s16CatalogAPIClient19PublisherAttributesV11displayNameSSvgSSyKXEfu_
FNDA:1,$s16CatalogAPIClient16StudioAttributesV11displayNameSSvg
FNDA:1,$s16CatalogAPIClient16StudioAttributesV11displayNameSSvgSSyKXEfu_
FNDA:1,$s16CatalogAPIClient17LicenseAttributesV11displayNameSSvg
FNDA:0,$s16CatalogAPIClient17LicenseAttributesV11displayNameSSvgSSyKXEfu_
FNDA:1,$s16CatalogAPIClient16ReviewAttributesV13displayAuthorSSvg
FNDA:1,$s16CatalogAPIClient16ReviewAttributesV13displayAuthorSSvgSSyKXEfu_
FNDA:1,$s16CatalogAPIClient16ReviewAttributesV13displayAuthorSSvgSSyKXEfu_SSyKXEfu0_
FNDA:0,$s16CatalogAPIClient16ReviewAttributesV13displayAuthorSSvgSSyKXEfu_SSyKXEfu0_SSyKXEfu1_
FNDA:1,$s16CatalogAPIClient16ReviewAttributesV13displayRatingSdvg
FNDA:1,$s16CatalogAPIClient16ReviewAttributesV13displayRatingSdvgSdyKXEfu_
FNDA:0,$s16CatalogAPIClient16ReviewAttributesV13displayRatingSdvgSdyKXEfu_SdyKXEfu0_
FNDA:1,$s16CatalogAPIClient16ReviewAttributesV11displayTextSSvg
FNDA:1,$s16CatalogAPIClient16ReviewAttributesV11displayTextSSvgSSyKXEfu_
FNDA:0,$s16CatalogAPIClient16ReviewAttributesV11displayTextSSvgSSyKXEfu_SSyKXEfu0_
FNDA:0,$s16CatalogAPIClient16ReviewAttributesV11displayTextSSvgSSyKXEfu_SSyKXEfu0_SSyKXEfu1_
FNDA:0,$s16CatalogAPIClient16ReviewAttributesV11displayTextSSvgSSyKXEfu_SSyKXEfu0_SSyKXEfu1_SSyKXEfu2_
FNF:27
FNH:15
DA:7,1
DA:18,0
DA:19,0
DA:20,0
DA:21,0
DA:22,0
DA:39,2
DA:50,1
DA:51,1
DA:52,1
DA:53,0
DA:54,0
DA:55,1
DA:68,1
DA:79,1
DA:96,1
DA:116,1
DA:117,1
DA:118,1
BRF:0
BRH:0
LF:36
LH:18
end_of_record
SF:/home/runner/work/catalog-api-client.swift/catalog-api-client.swift/Sources/CatalogAPIClient/JSONAPI.swift
FN:44,$s16CatalogAPIClient23JSONAPIRelationshipDataO4fromACs7Decoder_p_tKcfC
FN:53,$s16CatalogAPIClient23JSONAPIRelationshipDataO6encode2toys7Encoder_p_tKF
FN:61,$s16CatalogAPIClient23JSONAPIRelationshipDataO3idsSaySSGvg
FN:64,$s16CatalogAPIClient23JSONAPIRelationshipDataO3idsSaySSGvgSSAC18ResourceIdentifierVcfu_
FNDA:3,$s16CatalogAPIClient23JSONAPIRelationshipDataO4fromACs7Decoder_p_tKcfC
FNDA:0,$s16CatalogAPIClient23JSONAPIRelationshipDataO6encode2toys7Encoder_p_tKF
FNDA:3,$s16CatalogAPIClient23JSONAPIRelationshipDataO3idsSaySSGvg
FNDA:3,$s16CatalogAPIClient23JSONAPIRelationshipDataO3idsSaySSGvgSSAC18ResourceIdentifierVcfu_
FNF:4
FNH:3
DA:44,3
DA:45,3
DA:46,3
DA:47,2
DA:48,3
DA:49,1
DA:50,3
DA:51,3
DA:53,0
DA:54,0
DA:55,0
DA:56,0
DA:57,0
DA:58,0
DA:59,0
DA:61,3
DA:62,3
DA:63,3
DA:64,3
DA:65,3
DA:66,3
BRF:0
BRH:0
LF:22
LH:15
end_of_record
SF:/home/runner/work/catalog-api-client.swift/catalog-api-client.swift/Sources/CatalogAPIClient/VolumeVersionModels.swift
FN:35,$s16CatalogAPIClient23VolumeVersionAttributesV2id8recordId7version5title11description5notes6format010coverAssetH006sampleO3Ids5state04baseD011submittedBy0T2At08reviewedU00wV010reviewNote09resultingD0ACSS_SSSiS5SSaySSGSSSiSgSS10Foundation4DateVSSSgAYSgAzVtcfC
FN:62,$s16CatalogAPIClient19ReviewVersionResultV7version5state9conflictsACSi_SSSaySSGSgtcfC
FNDA:0,$s16CatalogAPIClient23VolumeVersionAttributesV2id8recordId7version5title11description5notes6format010coverAssetH006sampleO3Ids5state04baseD011submittedBy0T2At08reviewedU00wV010reviewNote09resultingD0ACSS_SSSiS5SSaySSGSSSiSgSS10Foundation4DateVSSSgAYSgAzVtcfC
FNDA:0,$s16CatalogAPIClient19ReviewVersionResultV7version5state9conflictsACSi_SSSaySSGSgtcfC
FNF:2
FNH:0
DA:35,0
DA:36,0
DA:37,0
DA:38,0
DA:39,0
DA:40,0
DA:41,0
DA:42,0
DA:43,0
DA:44,0
DA:45,0
DA:46,0
DA:47,0
DA:48,0
DA:49,0
DA:50,0
DA:51,0
DA:52,0
DA:53,0
DA:62,0
DA:63,0
DA:64,0
DA:65,0
DA:66,0
BRF:0
BRH:0
LF:24
LH:0
end_of_record
SF:/home/runner/work/catalog-api-client.swift/catalog-api-client.swift/Sources/CatalogAPIClient/VolumeWriteModels.swift
FN:12,$s16CatalogAPIClient0A8APIErrorV10statusCode5error7messageACSi_SSSgAGtcfC
FN:30,$s16CatalogAPIClient24ProposedChangeSubmissionV10proposalId6status7messageACSS_S2StcfC
FN:60,$s16CatalogAPIClient11FieldChangeV3old3new6statusACSSSg_AGSStcfC
FN:85,$s16CatalogAPIClient21ProposedChangeSummaryV2id10recordType0G2Id4diff6status11submittedBy0L2At08reviewedM00oN010reviewNoteACSS_S2SSDySSAA05FieldD0VGS2S10Foundation4DateVSSSgASSgATtcfC
FN:110,$s16CatalogAPIClient20ReviewProposalResultV10proposalId6status7applied8rejected9conflictsACSS_SSSaySSGSgA2JtcfC
FN:125,$s16CatalogAPIClient18VocabularyResponseV4type6valuesACSS_SaySSGtcfC
FNDA:2,$s16CatalogAPIClient0A8APIErrorV10statusCode5error7messageACSi_SSSgAGtcfC
FNDA:0,$s16CatalogAPIClient24ProposedChangeSubmissionV10proposalId6status7messageACSS_S2StcfC
FNDA:0,$s16CatalogAPIClient11FieldChangeV3old3new6statusACSSSg_AGSStcfC
FNDA:0,$s16CatalogAPIClient21ProposedChangeSummaryV2id10recordType0G2Id4diff6status11submittedBy0L2At08reviewedM00oN010reviewNoteACSS_S2SSDySSAA05FieldD0VGS2S10Foundation4DateVSSSgASSgATtcfC
FNDA:0,$s16CatalogAPIClient20ReviewProposalResultV10proposalId6status7applied8rejected9conflictsACSS_SSSaySSGSgA2JtcfC
FNDA:0,$s16CatalogAPIClient18VocabularyResponseV4type6valuesACSS_SaySSGtcfC
FNF:6
FNH:1
DA:12,2
DA:13,2
DA:14,2
DA:15,2
DA:16,2
DA:30,0
DA:31,0
DA:32,0
DA:33,0
DA:34,0
DA:60,0
DA:61,0
DA:62,0
DA:63,0
DA:64,0
DA:85,0
DA:86,0
DA:87,0
DA:88,0
DA:89,0
DA:90,0
DA:91,0
DA:92,0
DA:93,0
DA:94,0
DA:95,0
DA:96,0
DA:110,0
DA:111,0
DA:112,0
DA:113,0
DA:114,0
DA:115,0
DA:116,0
DA:125,0
DA:126,0
DA:127,0
DA:128,0
BRF:0
BRH:0
LF:38
LH:5
end_of_record
SF:/home/runner/work/catalog-api-client.swift/catalog-api-client.swift/Tests/CatalogAPIClientTests/CatalogAPIClientTests.swift
FN:8,$s21CatalogAPIClientTestsAAC42testDecodesVolumeDocumentWithRelationshipsyyKF
FN:17,$s21CatalogAPIClientTestsAAC42testDecodesVolumeDocumentWithRelationshipsyyKFSiyKXEfu_
FN:17,$s21CatalogAPIClientTestsAAC42testDecodesVolumeDocumentWithRelationshipsyyKFSiyKXEfu0_
FN:19,$s21CatalogAPIClientTestsAAC42testDecodesVolumeDocumentWithRelationshipsyyKFSSSgyKXEfu1_
FN:19,$s21CatalogAPIClientTestsAAC42testDecodesVolumeDocumentWithRelationshipsyyKFSSSgyKXEfu2_
FN:20,$s21CatalogAPIClientTestsAAC42testDecodesVolumeDocumentWithRelationshipsyyKFSSSgyKXEfu3_
FN:20,$s21CatalogAPIClientTestsAAC42testDecodesVolumeDocumentWithRelationshipsyyKFSSSgyKXEfu4_
FN:21,$s21CatalogAPIClientTestsAAC42testDecodesVolumeDocumentWithRelationshipsyyKFSaySSGSgyKXEfu5_
FN:21,$s21CatalogAPIClientTestsAAC42testDecodesVolumeDocumentWithRelationshipsyyKFSaySSGSgyKXEfu6_
FN:22,$s21CatalogAPIClientTestsAAC42testDecodesVolumeDocumentWithRelationshipsyyKFSaySSGSgyKXEfu7_
FN:22,$s21CatalogAPIClientTestsAAC42testDecodesVolumeDocumentWithRelationshipsyyKFSaySSGSgyKXEfu8_
FN:25,$s21CatalogAPIClientTestsAAC36testDecodesVolumePropertiesAttributeyyKF
FN:31,$s21CatalogAPIClientTestsAAC36testDecodesVolumePropertiesAttributeyyKFSSSgyKXEfu_
FN:31,$s21CatalogAPIClientTestsAAC36testDecodesVolumePropertiesAttributeyyKFSSSgyKXEfu0_
FN:32,$s21CatalogAPIClientTestsAAC36testDecodesVolumePropertiesAttributeyyKFSSSgyKXEfu1_
FN:32,$s21CatalogAPIClientTestsAAC36testDecodesVolumePropertiesAttributeyyKFSSSgyKXEfu2_
FN:35,$s21CatalogAPIClientTestsAAC32testDecodesVolumeFormatAttributeyyKF
FN:41,$s21CatalogAPIClientTestsAAC32testDecodesVolumeFormatAttributeyyKFSSSgyKXEfu_
FN:41,$s21CatalogAPIClientTestsAAC32testDecodesVolumeFormatAttributeyyKFSSSgyKXEfu0_
FN:44,$s21CatalogAPIClientTestsAAC40testDecodesVolumeSampleAssetIdsAttributeyyKF
FN:50,$s21CatalogAPIClientTestsAAC40testDecodesVolumeSampleAssetIdsAttributeyyKFSaySSGSgyKXEfu_
FN:50,$s21CatalogAPIClientTestsAAC40testDecodesVolumeSampleAssetIdsAttributeyyKFSaySSGSgyKXEfu0_
FN:53,$s21CatalogAPIClientTestsAAC29testDecodesToManyRelationshipyyKF
FN:59,$s21CatalogAPIClientTestsAAC29testDecodesToManyRelationshipyyKFSaySSGSgyKXEfu_
FN:59,$s21CatalogAPIClientTestsAAC29testDecodesToManyRelationshipyyKFSaySSGSgyKXEfu0_
FN:65,$s21CatalogAPIClientTestsAAC49testDecodeFirstLineIgnoresTrailingMalformedObjectyyKF
FN:72,$s21CatalogAPIClientTestsAAC49testDecodeFirstLineIgnoresTrailingMalformedObjectyyKFSSSgyKXEfu_
FN:72,$s21CatalogAPIClientTestsAAC49testDecodeFirstLineIgnoresTrailingMalformedObjectyyKFSSSgyKXEfu0_
FN:75,$s21CatalogAPIClientTestsAAC035testDecodeFirstLineFailsOnMalformedfG0yyF
FN:78,$s21CatalogAPIClientTestsAAC035testDecodeFirstLineFailsOnMalformedfG0yyF0aB015JSONAPIDocumentVyAD15NamedAttributesVGyKXEfu_
FN:81,$s21CatalogAPIClientTestsAAC46testNamedAttributesDisplayNameFallsBackToTitleyyF
FN:84,$s21CatalogAPIClientTestsAAC46testNamedAttributesDisplayNameFallsBackToTitleyyFSSyKXEfu_
FN:84,$s21CatalogAPIClientTestsAAC46testNamedAttributesDisplayNameFallsBackToTitleyyFSSyKXEfu0_
FN:87,$s21CatalogAPIClientTestsAAC042testPersonAttributesDisplayNamePrefersFullH0yyF
FN:93,$s21CatalogAPIClientTestsAAC042testPersonAttributesDisplayNamePrefersFullH0yyFSSyKXEfu_
FN:93,$s21CatalogAPIClientTestsAAC042testPersonAttributesDisplayNamePrefersFullH0yyFSSyKXEfu0_
FN:96,$s21CatalogAPIClientTestsAAC39testPublisherAttributesDecodesFullShapeyyF
FN:102,$s21CatalogAPIClientTestsAAC39testPublisherAttributesDecodesFullShapeyyFSSyKXEfu_
FN:102,$s21CatalogAPIClientTestsAAC39testPublisherAttributesDecodesFullShapeyyFSSyKXEfu0_
FN:103,$s21CatalogAPIClientTestsAAC39testPublisherAttributesDecodesFullShapeyyFSSSgyKXEfu1_
FN:103,$s21CatalogAPIClientTestsAAC39testPublisherAttributesDecodesFullShapeyyFSSSgyKXEfu2_
FN:106,$s21CatalogAPIClientTestsAAC50testStudioAttributesDisplayNameFallsBackToUntitledyyF
FN:109,$s21CatalogAPIClientTestsAAC50testStudioAttributesDisplayNameFallsBackToUntitledyyFSSyKXEfu_
FN:109,$s21CatalogAPIClientTestsAAC50testStudioAttributesDisplayNameFallsBackToUntitledyyFSSyKXEfu0_
FN:112,$s21CatalogAPIClientTestsAAC37testLicenseAttributesDecodesFullShapeyyF
FN:122,$s21CatalogAPIClientTestsAAC37testLicenseAttributesDecodesFullShapeyyFSSyKXEfu_
FN:122,$s21CatalogAPIClientTestsAAC37testLicenseAttributesDecodesFullShapeyyFSSyKXEfu0_
FN:123,$s21CatalogAPIClientTestsAAC37testLicenseAttributesDecodesFullShapeyyFSSSgyKXEfu1_
FN:123,$s21CatalogAPIClientTestsAAC37testLicenseAttributesDecodesFullShapeyyFSSSgyKXEfu2_
FN:126,$s21CatalogAPIClientTestsAAC54testReviewAttributesDisplayFieldsFallBackAcrossAliasesyyF
FN:132,$s21CatalogAPIClientTestsAAC54testReviewAttributesDisplayFieldsFallBackAcrossAliasesyyFSSyKXEfu_
FN:132,$s21CatalogAPIClientTestsAAC54testReviewAttributesDisplayFieldsFallBackAcrossAliasesyyFSSyKXEfu0_
FN:133,$s21CatalogAPIClientTestsAAC54testReviewAttributesDisplayFieldsFallBackAcrossAliasesyyFSdyKXEfu1_
FN:133,$s21CatalogAPIClientTestsAAC54testReviewAttributesDisplayFieldsFallBackAcrossAliasesyyFSdyKXEfu2_
FN:134,$s21CatalogAPIClientTestsAAC54testReviewAttributesDisplayFieldsFallBackAcrossAliasesyyFSSyKXEfu3_
FN:134,$s21CatalogAPIClientTestsAAC54testReviewAttributesDisplayFieldsFallBackAcrossAliasesyyFSSyKXEfu4_
FN:139,$s21CatalogAPIClientTestsAAC51testPatchVolumeRequestBodyEncodesOnlyProvidedFieldsyyKF
FN:147,$s21CatalogAPIClientTestsAAC51testPatchVolumeRequestBodyEncodesOnlyProvidedFieldsyyKFSSSgyKXEfu_
FN:147,$s21CatalogAPIClientTestsAAC51testPatchVolumeRequestBodyEncodesOnlyProvidedFieldsyyKFSSSgyKXEfu0_
FN:148,$s21CatalogAPIClientTestsAAC51testPatchVolumeRequestBodyEncodesOnlyProvidedFieldsyyKFypSgyKXEfu1_
FN:149,$s21CatalogAPIClientTestsAAC51testPatchVolumeRequestBodyEncodesOnlyProvidedFieldsyyKFypSgyKXEfu2_
FN:152,$s21CatalogAPIClientTestsAAC047testAcceptProposalRequestBodyOmittedFieldsMeansE3AllyyKF
FN:156,$s21CatalogAPIClientTestsAAC047testAcceptProposalRequestBodyOmittedFieldsMeansE3AllyyKFypSgyKXEfu_
FN:159,$s21CatalogAPIClientTestsAAC47testAcceptProposalRequestBodyEncodesFieldSubsetyyKF
FN:163,$s21CatalogAPIClientTestsAAC47testAcceptProposalRequestBodyEncodesFieldSubsetyyKFSaySSGSgyKXEfu_
FN:163,$s21CatalogAPIClientTestsAAC47testAcceptProposalRequestBodyEncodesFieldSubsetyyKFSaySSGSgyKXEfu0_
FN:166,$s21CatalogAPIClientTestsAAC43testVolumePatchResultDecodesAppliedResponseyyKF
FN:171,$s21CatalogAPIClientTestsAAC43testVolumePatchResultDecodesAppliedResponseyyKFSSyKXEfu_
FN:171,$s21CatalogAPIClientTestsAAC43testVolumePatchResultDecodesAppliedResponseyyKFSSyKXEfu0_
FN:172,$s21CatalogAPIClientTestsAAC43testVolumePatchResultDecodesAppliedResponseyyKFSSSgyKXEfu1_
FN:172,$s21CatalogAPIClientTestsAAC43testVolumePatchResultDecodesAppliedResponseyyKFSSSgyKXEfu2_
FN:175,$s21CatalogAPIClientTestsAAC29testVocabularyResponseDecodesyyKF
FN:180,$s21CatalogAPIClientTestsAAC29testVocabularyResponseDecodesyyKFSSyKXEfu_
FN:180,$s21CatalogAPIClientTestsAAC29testVocabularyResponseDecodesyyKFSSyKXEfu0_
FN:181,$s21CatalogAPIClientTestsAAC29testVocabularyResponseDecodesyyKFSaySSGyKXEfu1_
FN:181,$s21CatalogAPIClientTestsAAC29testVocabularyResponseDecodesyyKFSaySSGyKXEfu2_
FN:184,$s21CatalogAPIClientTestsAAC040testAddVocabularyValueRequestBodyEncodesG0yyKF
FN:188,$s21CatalogAPIClientTestsAAC040testAddVocabularyValueRequestBodyEncodesG0yyKFSSSgyKXEfu_
FN:188,$s21CatalogAPIClientTestsAAC040testAddVocabularyValueRequestBodyEncodesG0yyKFSSSgyKXEfu0_
FN:191,$s21CatalogAPIClientTestsAAC35testProposedChangeSubmissionDecodesyyKF
FN:196,$s21CatalogAPIClientTestsAAC35testProposedChangeSubmissionDecodesyyKFSSyKXEfu_
FN:196,$s21CatalogAPIClientTestsAAC35testProposedChangeSubmissionDecodesyyKFSSyKXEfu0_
FN:197,$s21CatalogAPIClientTestsAAC35testProposedChangeSubmissionDecodesyyKFSSyKXEfu1_
FN:197,$s21CatalogAPIClientTestsAAC35testProposedChangeSubmissionDecodesyyKFSSyKXEfu2_
FN:200,$s21CatalogAPIClientTestsAAC48testProposedChangeSummaryDecodesWithISO8601DatesyyKF
FN:218,$s21CatalogAPIClientTestsAAC48testProposedChangeSummaryDecodesWithISO8601DatesyyKFSSyKXEfu_
FN:218,$s21CatalogAPIClientTestsAAC48testProposedChangeSummaryDecodesWithISO8601DatesyyKFSSyKXEfu0_
FN:219,$s21CatalogAPIClientTestsAAC48testProposedChangeSummaryDecodesWithISO8601DatesyyKFSSSgyKXEfu1_
FN:219,$s21CatalogAPIClientTestsAAC48testProposedChangeSummaryDecodesWithISO8601DatesyyKFSSSgyKXEfu2_
FN:220,$s21CatalogAPIClientTestsAAC48testProposedChangeSummaryDecodesWithISO8601DatesyyKFSSSgyKXEfu3_
FN:220,$s21CatalogAPIClientTestsAAC48testProposedChangeSummaryDecodesWithISO8601DatesyyKFSSSgyKXEfu4_
FN:221,$s21CatalogAPIClientTestsAAC48testProposedChangeSummaryDecodesWithISO8601DatesyyKFypSgyKXEfu5_
FN:224,$s21CatalogAPIClientTestsAAC40testReviewProposalResultDecodesConflictsyyKF
FN:229,$s21CatalogAPIClientTestsAAC40testReviewProposalResultDecodesConflictsyyKFSaySSGSgyKXEfu_
FN:229,$s21CatalogAPIClientTestsAAC40testReviewProposalResultDecodesConflictsyyKFSaySSGSgyKXEfu0_
FN:230,$s21CatalogAPIClientTestsAAC40testReviewProposalResultDecodesConflictsyyKFSaySSGSgyKXEfu1_
FN:230,$s21CatalogAPIClientTestsAAC40testReviewProposalResultDecodesConflictsyyKFSaySSGSgyKXEfu2_
FN:233,$s21CatalogAPIClientTestsAAC50testVolumeVersionAttributesDecodesWithISO8601DatesyyKF
FN:260,$s21CatalogAPIClientTestsAAC50testVolumeVersionAttributesDecodesWithISO8601DatesyyKFSiyKXEfu_
FN:260,$s21CatalogAPIClientTestsAAC50testVolumeVersionAttributesDecodesWithISO8601DatesyyKFSiyKXEfu0_
FN:261,$s21CatalogAPIClientTestsAAC50testVolumeVersionAttributesDecodesWithISO8601DatesyyKFSSyKXEfu1_
FN:261,$s21CatalogAPIClientTestsAAC50testVolumeVersionAttributesDecodesWithISO8601DatesyyKFSSyKXEfu2_
FN:262,$s21CatalogAPIClientTestsAAC50testVolumeVersionAttributesDecodesWithISO8601DatesyyKFSiSgyKXEfu3_
FN:262,$s21CatalogAPIClientTestsAAC50testVolumeVersionAttributesDecodesWithISO8601DatesyyKFSiSgyKXEfu4_
FN:263,$s21CatalogAPIClientTestsAAC50testVolumeVersionAttributesDecodesWithISO8601DatesyyKFypSgyKXEfu5_
FN:266,$s21CatalogAPIClientTestsAAC046testAcceptVersionRequestBodyOmittedFieldsMeansE3AllyyKF
FN:270,$s21CatalogAPIClientTestsAAC046testAcceptVersionRequestBodyOmittedFieldsMeansE3AllyyKFypSgyKXEfu_
FN:273,$s21CatalogAPIClientTestsAAC46testAcceptVersionRequestBodyEncodesFieldSubsetyyKF
FN:277,$s21CatalogAPIClientTestsAAC46testAcceptVersionRequestBodyEncodesFieldSubsetyyKFSaySSGSgyKXEfu_
FN:277,$s21CatalogAPIClientTestsAAC46testAcceptVersionRequestBodyEncodesFieldSubsetyyKFSaySSGSgyKXEfu0_
FN:280,$s21CatalogAPIClientTestsAAC39testReviewVersionResultDecodesConflictsyyKF
FN:285,$s21CatalogAPIClientTestsAAC39testReviewVersionResultDecodesConflictsyyKFSiyKXEfu_
FN:285,$s21CatalogAPIClientTestsAAC39testReviewVersionResultDecodesConflictsyyKFSiyKXEfu0_
FN:286,$s21CatalogAPIClientTestsAAC39testReviewVersionResultDecodesConflictsyyKFSSyKXEfu1_
FN:286,$s21CatalogAPIClientTestsAAC39testReviewVersionResultDecodesConflictsyyKFSSyKXEfu2_
FN:287,$s21CatalogAPIClientTestsAAC39testReviewVersionResultDecodesConflictsyyKFSaySSGSgyKXEfu3_
FN:287,$s21CatalogAPIClientTestsAAC39testReviewVersionResultDecodesConflictsyyKFSaySSGSgyKXEfu4_
FN:290,$s21CatalogAPIClientTestsAAC021testDecodeErrorParsesA12APIErrorBodyyyF
FN:295,$s21CatalogAPIClientTestsAAC021testDecodeErrorParsesA12APIErrorBodyyyFSiyKXEfu_
FN:295,$s21CatalogAPIClientTestsAAC021testDecodeErrorParsesA12APIErrorBodyyyFSiyKXEfu0_
FN:296,$s21CatalogAPIClientTestsAAC021testDecodeErrorParsesA12APIErrorBodyyyFSSSgyKXEfu1_
FN:296,$s21CatalogAPIClientTestsAAC021testDecodeErrorParsesA12APIErrorBodyyyFSSSgyKXEfu2_
FN:297,$s21CatalogAPIClientTestsAAC021testDecodeErrorParsesA12APIErrorBodyyyFSSSgyKXEfu3_
FN:297,$s21CatalogAPIClientTestsAAC021testDecodeErrorParsesA12APIErrorBodyyyFSSSgyKXEfu4_
FN:300,$s21CatalogAPIClientTestsAAC45testDecodeErrorFallsBackGracefullyOnEmptyBodyyyF
FN:302,$s21CatalogAPIClientTestsAAC45testDecodeErrorFallsBackGracefullyOnEmptyBodyyyFSiyKXEfu_
FN:302,$s21CatalogAPIClientTestsAAC45testDecodeErrorFallsBackGracefullyOnEmptyBodyyyFSiyKXEfu0_
FN:303,$s21CatalogAPIClientTestsAAC45testDecodeErrorFallsBackGracefullyOnEmptyBodyyyFypSgyKXEfu1_
FNDA:1,$s21CatalogAPIClientTestsAAC42testDecodesVolumeDocumentWithRelationshipsyyKF
FNDA:1,$s21CatalogAPIClientTestsAAC42testDecodesVolumeDocumentWithRelationshipsyyKFSiyKXEfu_
FNDA:1,$s21CatalogAPIClientTestsAAC42testDecodesVolumeDocumentWithRelationshipsyyKFSiyKXEfu0_
FNDA:1,$s21CatalogAPIClientTestsAAC42testDecodesVolumeDocumentWithRelationshipsyyKFSSSgyKXEfu1_
FNDA:1,$s21CatalogAPIClientTestsAAC42testDecodesVolumeDocumentWithRelationshipsyyKFSSSgyKXEfu2_
FNDA:1,$s21CatalogAPIClientTestsAAC42testDecodesVolumeDocumentWithRelationshipsyyKFSSSgyKXEfu3_
FNDA:1,$s21CatalogAPIClientTestsAAC42testDecodesVolumeDocumentWithRelationshipsyyKFSSSgyKXEfu4_
FNDA:1,$s21CatalogAPIClientTestsAAC42testDecodesVolumeDocumentWithRelationshipsyyKFSaySSGSgyKXEfu5_
FNDA:1,$s21CatalogAPIClientTestsAAC42testDecodesVolumeDocumentWithRelationshipsyyKFSaySSGSgyKXEfu6_
FNDA:1,$s21CatalogAPIClientTestsAAC42testDecodesVolumeDocumentWithRelationshipsyyKFSaySSGSgyKXEfu7_
FNDA:1,$s21CatalogAPIClientTestsAAC42testDecodesVolumeDocumentWithRelationshipsyyKFSaySSGSgyKXEfu8_
FNDA:1,$s21CatalogAPIClientTestsAAC36testDecodesVolumePropertiesAttributeyyKF
FNDA:1,$s21CatalogAPIClientTestsAAC36testDecodesVolumePropertiesAttributeyyKFSSSgyKXEfu_
FNDA:1,$s21CatalogAPIClientTestsAAC36testDecodesVolumePropertiesAttributeyyKFSSSgyKXEfu0_
FNDA:1,$s21CatalogAPIClientTestsAAC36testDecodesVolumePropertiesAttributeyyKFSSSgyKXEfu1_
FNDA:1,$s21CatalogAPIClientTestsAAC36testDecodesVolumePropertiesAttributeyyKFSSSgyKXEfu2_
FNDA:1,$s21CatalogAPIClientTestsAAC32testDecodesVolumeFormatAttributeyyKF
FNDA:1,$s21CatalogAPIClientTestsAAC32testDecodesVolumeFormatAttributeyyKFSSSgyKXEfu_
FNDA:1,$s21CatalogAPIClientTestsAAC32testDecodesVolumeFormatAttributeyyKFSSSgyKXEfu0_
FNDA:1,$s21CatalogAPIClientTestsAAC40testDecodesVolumeSampleAssetIdsAttributeyyKF
FNDA:1,$s21CatalogAPIClientTestsAAC40testDecodesVolumeSampleAssetIdsAttributeyyKFSaySSGSgyKXEfu_
FNDA:1,$s21CatalogAPIClientTestsAAC40testDecodesVolumeSampleAssetIdsAttributeyyKFSaySSGSgyKXEfu0_
FNDA:1,$s21CatalogAPIClientTestsAAC29testDecodesToManyRelationshipyyKF
FNDA:1,$s21CatalogAPIClientTestsAAC29testDecodesToManyRelationshipyyKFSaySSGSgyKXEfu_
FNDA:1,$s21CatalogAPIClientTestsAAC29testDecodesToManyRelationshipyyKFSaySSGSgyKXEfu0_
FNDA:1,$s21CatalogAPIClientTestsAAC49testDecodeFirstLineIgnoresTrailingMalformedObjectyyKF
FNDA:1,$s21CatalogAPIClientTestsAAC49testDecodeFirstLineIgnoresTrailingMalformedObjectyyKFSSSgyKXEfu_
FNDA:1,$s21CatalogAPIClientTestsAAC49testDecodeFirstLineIgnoresTrailingMalformedObjectyyKFSSSgyKXEfu0_
FNDA:1,$s21CatalogAPIClientTestsAAC035testDecodeFirstLineFailsOnMalformedfG0yyF
FNDA:1,$s21CatalogAPIClientTestsAAC035testDecodeFirstLineFailsOnMalformedfG0yyF0aB015JSONAPIDocumentVyAD15NamedAttributesVGyKXEfu_
FNDA:1,$s21CatalogAPIClientTestsAAC46testNamedAttributesDisplayNameFallsBackToTitleyyF
FNDA:1,$s21CatalogAPIClientTestsAAC46testNamedAttributesDisplayNameFallsBackToTitleyyFSSyKXEfu_
FNDA:1,$s21CatalogAPIClientTestsAAC46testNamedAttributesDisplayNameFallsBackToTitleyyFSSyKXEfu0_
FNDA:1,$s21CatalogAPIClientTestsAAC042testPersonAttributesDisplayNamePrefersFullH0yyF
FNDA:1,$s21CatalogAPIClientTestsAAC042testPersonAttributesDisplayNamePrefersFullH0yyFSSyKXEfu_
FNDA:1,$s21CatalogAPIClientTestsAAC042testPersonAttributesDisplayNamePrefersFullH0yyFSSyKXEfu0_
FNDA:1,$s21CatalogAPIClientTestsAAC39testPublisherAttributesDecodesFullShapeyyF
FNDA:1,$s21CatalogAPIClientTestsAAC39testPublisherAttributesDecodesFullShapeyyFSSyKXEfu_
FNDA:1,$s21CatalogAPIClientTestsAAC39testPublisherAttributesDecodesFullShapeyyFSSyKXEfu0_
FNDA:1,$s21CatalogAPIClientTestsAAC39testPublisherAttributesDecodesFullShapeyyFSSSgyKXEfu1_
FNDA:1,$s21CatalogAPIClientTestsAAC39testPublisherAttributesDecodesFullShapeyyFSSSgyKXEfu2_
FNDA:1,$s21CatalogAPIClientTestsAAC50testStudioAttributesDisplayNameFallsBackToUntitledyyF
FNDA:1,$s21CatalogAPIClientTestsAAC50testStudioAttributesDisplayNameFallsBackToUntitledyyFSSyKXEfu_
FNDA:1,$s21CatalogAPIClientTestsAAC50testStudioAttributesDisplayNameFallsBackToUntitledyyFSSyKXEfu0_
FNDA:1,$s21CatalogAPIClientTestsAAC37testLicenseAttributesDecodesFullShapeyyF
FNDA:1,$s21CatalogAPIClientTestsAAC37testLicenseAttributesDecodesFullShapeyyFSSyKXEfu_
FNDA:1,$s21CatalogAPIClientTestsAAC37testLicenseAttributesDecodesFullShapeyyFSSyKXEfu0_
FNDA:1,$s21CatalogAPIClientTestsAAC37testLicenseAttributesDecodesFullShapeyyFSSSgyKXEfu1_
FNDA:1,$s21CatalogAPIClientTestsAAC37testLicenseAttributesDecodesFullShapeyyFSSSgyKXEfu2_
FNDA:1,$s21CatalogAPIClientTestsAAC54testReviewAttributesDisplayFieldsFallBackAcrossAliasesyyF
FNDA:1,$s21CatalogAPIClientTestsAAC54testReviewAttributesDisplayFieldsFallBackAcrossAliasesyyFSSyKXEfu_
FNDA:1,$s21CatalogAPIClientTestsAAC54testReviewAttributesDisplayFieldsFallBackAcrossAliasesyyFSSyKXEfu0_
FNDA:1,$s21CatalogAPIClientTestsAAC54testReviewAttributesDisplayFieldsFallBackAcrossAliasesyyFSdyKXEfu1_
FNDA:1,$s21CatalogAPIClientTestsAAC54testReviewAttributesDisplayFieldsFallBackAcrossAliasesyyFSdyKXEfu2_
FNDA:1,$s21CatalogAPIClientTestsAAC54testReviewAttributesDisplayFieldsFallBackAcrossAliasesyyFSSyKXEfu3_
FNDA:1,$s21CatalogAPIClientTestsAAC54testReviewAttributesDisplayFieldsFallBackAcrossAliasesyyFSSyKXEfu4_
FNDA:1,$s21CatalogAPIClientTestsAAC51testPatchVolumeRequestBodyEncodesOnlyProvidedFieldsyyKF
FNDA:1,$s21CatalogAPIClientTestsAAC51testPatchVolumeRequestBodyEncodesOnlyProvidedFieldsyyKFSSSgyKXEfu_
FNDA:1,$s21CatalogAPIClientTestsAAC51testPatchVolumeRequestBodyEncodesOnlyProvidedFieldsyyKFSSSgyKXEfu0_
FNDA:1,$s21CatalogAPIClientTestsAAC51testPatchVolumeRequestBodyEncodesOnlyProvidedFieldsyyKFypSgyKXEfu1_
FNDA:1,$s21CatalogAPIClientTestsAAC51testPatchVolumeRequestBodyEncodesOnlyProvidedFieldsyyKFypSgyKXEfu2_
FNDA:1,$s21CatalogAPIClientTestsAAC047testAcceptProposalRequestBodyOmittedFieldsMeansE3AllyyKF
FNDA:1,$s21CatalogAPIClientTestsAAC047testAcceptProposalRequestBodyOmittedFieldsMeansE3AllyyKFypSgyKXEfu_
FNDA:1,$s21CatalogAPIClientTestsAAC47testAcceptProposalRequestBodyEncodesFieldSubsetyyKF
FNDA:1,$s21CatalogAPIClientTestsAAC47testAcceptProposalRequestBodyEncodesFieldSubsetyyKFSaySSGSgyKXEfu_
FNDA:1,$s21CatalogAPIClientTestsAAC47testAcceptProposalRequestBodyEncodesFieldSubsetyyKFSaySSGSgyKXEfu0_
FNDA:1,$s21CatalogAPIClientTestsAAC43testVolumePatchResultDecodesAppliedResponseyyKF
FNDA:1,$s21CatalogAPIClientTestsAAC43testVolumePatchResultDecodesAppliedResponseyyKFSSyKXEfu_
FNDA:1,$s21CatalogAPIClientTestsAAC43testVolumePatchResultDecodesAppliedResponseyyKFSSyKXEfu0_
FNDA:1,$s21CatalogAPIClientTestsAAC43testVolumePatchResultDecodesAppliedResponseyyKFSSSgyKXEfu1_
FNDA:1,$s21CatalogAPIClientTestsAAC43testVolumePatchResultDecodesAppliedResponseyyKFSSSgyKXEfu2_
FNDA:1,$s21CatalogAPIClientTestsAAC29testVocabularyResponseDecodesyyKF
FNDA:1,$s21CatalogAPIClientTestsAAC29testVocabularyResponseDecodesyyKFSSyKXEfu_
FNDA:1,$s21CatalogAPIClientTestsAAC29testVocabularyResponseDecodesyyKFSSyKXEfu0_
FNDA:1,$s21CatalogAPIClientTestsAAC29testVocabularyResponseDecodesyyKFSaySSGyKXEfu1_
FNDA:1,$s21CatalogAPIClientTestsAAC29testVocabularyResponseDecodesyyKFSaySSGyKXEfu2_
FNDA:1,$s21CatalogAPIClientTestsAAC040testAddVocabularyValueRequestBodyEncodesG0yyKF
FNDA:1,$s21CatalogAPIClientTestsAAC040testAddVocabularyValueRequestBodyEncodesG0yyKFSSSgyKXEfu_
FNDA:1,$s21CatalogAPIClientTestsAAC040testAddVocabularyValueRequestBodyEncodesG0yyKFSSSgyKXEfu0_
FNDA:1,$s21CatalogAPIClientTestsAAC35testProposedChangeSubmissionDecodesyyKF
FNDA:1,$s21CatalogAPIClientTestsAAC35testProposedChangeSubmissionDecodesyyKFSSyKXEfu_
FNDA:1,$s21CatalogAPIClientTestsAAC35testProposedChangeSubmissionDecodesyyKFSSyKXEfu0_
FNDA:1,$s21CatalogAPIClientTestsAAC35testProposedChangeSubmissionDecodesyyKFSSyKXEfu1_
FNDA:1,$s21CatalogAPIClientTestsAAC35testProposedChangeSubmissionDecodesyyKFSSyKXEfu2_
FNDA:1,$s21CatalogAPIClientTestsAAC48testProposedChangeSummaryDecodesWithISO8601DatesyyKF
FNDA:1,$s21CatalogAPIClientTestsAAC48testProposedChangeSummaryDecodesWithISO8601DatesyyKFSSyKXEfu_
FNDA:1,$s21CatalogAPIClientTestsAAC48testProposedChangeSummaryDecodesWithISO8601DatesyyKFSSyKXEfu0_
FNDA:1,$s21CatalogAPIClientTestsAAC48testProposedChangeSummaryDecodesWithISO8601DatesyyKFSSSgyKXEfu1_
FNDA:1,$s21CatalogAPIClientTestsAAC48testProposedChangeSummaryDecodesWithISO8601DatesyyKFSSSgyKXEfu2_
FNDA:1,$s21CatalogAPIClientTestsAAC48testProposedChangeSummaryDecodesWithISO8601DatesyyKFSSSgyKXEfu3_
FNDA:1,$s21CatalogAPIClientTestsAAC48testProposedChangeSummaryDecodesWithISO8601DatesyyKFSSSgyKXEfu4_
FNDA:1,$s21CatalogAPIClientTestsAAC48testProposedChangeSummaryDecodesWithISO8601DatesyyKFypSgyKXEfu5_
FNDA:1,$s21CatalogAPIClientTestsAAC40testReviewProposalResultDecodesConflictsyyKF
FNDA:1,$s21CatalogAPIClientTestsAAC40testReviewProposalResultDecodesConflictsyyKFSaySSGSgyKXEfu_
FNDA:1,$s21CatalogAPIClientTestsAAC40testReviewProposalResultDecodesConflictsyyKFSaySSGSgyKXEfu0_
FNDA:1,$s21CatalogAPIClientTestsAAC40testReviewProposalResultDecodesConflictsyyKFSaySSGSgyKXEfu1_
FNDA:1,$s21CatalogAPIClientTestsAAC40testReviewProposalResultDecodesConflictsyyKFSaySSGSgyKXEfu2_
FNDA:1,$s21CatalogAPIClientTestsAAC50testVolumeVersionAttributesDecodesWithISO8601DatesyyKF
FNDA:1,$s21CatalogAPIClientTestsAAC50testVolumeVersionAttributesDecodesWithISO8601DatesyyKFSiyKXEfu_
FNDA:1,$s21CatalogAPIClientTestsAAC50testVolumeVersionAttributesDecodesWithISO8601DatesyyKFSiyKXEfu0_
FNDA:1,$s21CatalogAPIClientTestsAAC50testVolumeVersionAttributesDecodesWithISO8601DatesyyKFSSyKXEfu1_
FNDA:1,$s21CatalogAPIClientTestsAAC50testVolumeVersionAttributesDecodesWithISO8601DatesyyKFSSyKXEfu2_
FNDA:1,$s21CatalogAPIClientTestsAAC50testVolumeVersionAttributesDecodesWithISO8601DatesyyKFSiSgyKXEfu3_
FNDA:1,$s21CatalogAPIClientTestsAAC50testVolumeVersionAttributesDecodesWithISO8601DatesyyKFSiSgyKXEfu4_
FNDA:1,$s21CatalogAPIClientTestsAAC50testVolumeVersionAttributesDecodesWithISO8601DatesyyKFypSgyKXEfu5_
FNDA:1,$s21CatalogAPIClientTestsAAC046testAcceptVersionRequestBodyOmittedFieldsMeansE3AllyyKF
FNDA:1,$s21CatalogAPIClientTestsAAC046testAcceptVersionRequestBodyOmittedFieldsMeansE3AllyyKFypSgyKXEfu_
FNDA:1,$s21CatalogAPIClientTestsAAC46testAcceptVersionRequestBodyEncodesFieldSubsetyyKF
FNDA:1,$s21CatalogAPIClientTestsAAC46testAcceptVersionRequestBodyEncodesFieldSubsetyyKFSaySSGSgyKXEfu_
FNDA:1,$s21CatalogAPIClientTestsAAC46testAcceptVersionRequestBodyEncodesFieldSubsetyyKFSaySSGSgyKXEfu0_
FNDA:1,$s21CatalogAPIClientTestsAAC39testReviewVersionResultDecodesConflictsyyKF
FNDA:1,$s21CatalogAPIClientTestsAAC39testReviewVersionResultDecodesConflictsyyKFSiyKXEfu_
FNDA:1,$s21CatalogAPIClientTestsAAC39testReviewVersionResultDecodesConflictsyyKFSiyKXEfu0_
FNDA:1,$s21CatalogAPIClientTestsAAC39testReviewVersionResultDecodesConflictsyyKFSSyKXEfu1_
FNDA:1,$s21CatalogAPIClientTestsAAC39testReviewVersionResultDecodesConflictsyyKFSSyKXEfu2_
FNDA:1,$s21CatalogAPIClientTestsAAC39testReviewVersionResultDecodesConflictsyyKFSaySSGSgyKXEfu3_
FNDA:1,$s21CatalogAPIClientTestsAAC39testReviewVersionResultDecodesConflictsyyKFSaySSGSgyKXEfu4_
FNDA:1,$s21CatalogAPIClientTestsAAC021testDecodeErrorParsesA12APIErrorBodyyyF
FNDA:1,$s21CatalogAPIClientTestsAAC021testDecodeErrorParsesA12APIErrorBodyyyFSiyKXEfu_
FNDA:1,$s21CatalogAPIClientTestsAAC021testDecodeErrorParsesA12APIErrorBodyyyFSiyKXEfu0_
FNDA:1,$s21CatalogAPIClientTestsAAC021testDecodeErrorParsesA12APIErrorBodyyyFSSSgyKXEfu1_
FNDA:1,$s21CatalogAPIClientTestsAAC021testDecodeErrorParsesA12APIErrorBodyyyFSSSgyKXEfu2_
FNDA:1,$s21CatalogAPIClientTestsAAC021testDecodeErrorParsesA12APIErrorBodyyyFSSSgyKXEfu3_
FNDA:1,$s21CatalogAPIClientTestsAAC021testDecodeErrorParsesA12APIErrorBodyyyFSSSgyKXEfu4_
FNDA:1,$s21CatalogAPIClientTestsAAC45testDecodeErrorFallsBackGracefullyOnEmptyBodyyyF
FNDA:1,$s21CatalogAPIClientTestsAAC45testDecodeErrorFallsBackGracefullyOnEmptyBodyyyFSiyKXEfu_
FNDA:1,$s21CatalogAPIClientTestsAAC45testDecodeErrorFallsBackGracefullyOnEmptyBodyyyFSiyKXEfu0_
FNDA:1,$s21CatalogAPIClientTestsAAC45testDecodeErrorFallsBackGracefullyOnEmptyBodyyyFypSgyKXEfu1_
FNF:128
FNH:128
DA:8,1
DA:9,1
DA:10,1
DA:11,1
DA:12,1
DA:13,1
DA:14,1
DA:15,1
DA:16,1
DA:17,1
DA:18,1
DA:19,1
DA:20,1
DA:21,1
DA:22,1
DA:23,1
DA:25,1
DA:26,1
DA:27,1
DA:28,1
DA:29,1
DA:30,1
DA:31,1
DA:32,1
DA:33,1
DA:35,1
DA:36,1
DA:37,1
DA:38,1
DA:39,1
DA:40,1
DA:41,1
DA:42,1
DA:44,1
DA:45,1
DA:46,1
DA:47,1
DA:48,1
DA:49,1
DA:50,1
DA:51,1
DA:53,1
DA:54,1
DA:55,1
DA:56,1
DA:57,1
DA:58,1
DA:59,1
DA:60,1
DA:65,1
DA:66,1
DA:67,1
DA:68,1
DA:69,1
DA:70,1
DA:71,1
DA:72,1
DA:73,1
DA:75,1
DA:76,1
DA:77,1
DA:78,1
DA:79,1
DA:81,1
DA:82,1
DA:83,1
DA:84,1
DA:85,1
DA:87,1
DA:88,1
DA:89,1
DA:90,1
DA:91,1
DA:92,1
DA:93,1
DA:94,1
DA:96,1
DA:97,1
DA:98,1
DA:99,1
DA:100,1
DA:101,1
DA:102,1
DA:103,1
DA:104,1
DA:106,1
DA:107,1
DA:108,1
DA:109,1
DA:110,1
DA:112,1
DA:113,1
DA:114,1
DA:115,1
DA:116,1
DA:117,1
DA:118,1
DA:119,1
DA:120,1
DA:121,1
DA:122,1
DA:123,1
DA:124,1
DA:126,1
DA:127,1
DA:128,1
DA:129,1
DA:130,1
DA:131,1
DA:132,1
DA:133,1
DA:134,1
DA:135,1
DA:139,1
DA:140,1
DA:141,1
DA:142,1
DA:143,1
DA:144,1
DA:145,1
DA:146,1
DA:147,1
DA:148,1
DA:149,1
DA:150,1
DA:152,1
DA:153,1
DA:154,1
DA:155,1
DA:156,1
DA:157,1
DA:159,1
DA:160,1
DA:161,1
DA:162,1
DA:163,1
DA:164,1
DA:166,1
DA:167,1
DA:168,1
DA:169,1
DA:170,1
DA:171,1
DA:172,1
DA:173,1
DA:175,1
DA:176,1
DA:177,1
DA:178,1
DA:179,1
DA:180,1
DA:181,1
DA:182,1
DA:184,1
DA:185,1
DA:186,1
DA:187,1
DA:188,1
DA:189,1
DA:191,1
DA:192,1
DA:193,1
DA:194,1
DA:195,1
DA:196,1
DA:197,1
DA:198,1
DA:200,1
DA:201,1
DA:202,1
DA:203,1
DA:204,1
DA:205,1
DA:206,1
DA:207,1
DA:208,1
DA:209,1
DA:210,1
DA:211,1
DA:212,1
DA:213,1
DA:214,1
DA:215,1
DA:216,1
DA:217,1
DA:218,1
DA:219,1
DA:220,1
DA:221,1
DA:222,1
DA:224,1
DA:225,1
DA:226,1
DA:227,1
DA:228,1
DA:229,1
DA:230,1
DA:231,1
DA:233,1
DA:234,1
DA:235,1
DA:236,1
DA:237,1
DA:238,1
DA:239,1
DA:240,1
DA:241,1
DA:242,1
DA:243,1
DA:244,1
DA:245,1
DA:246,1
DA:247,1
DA:248,1
DA:249,1
DA:250,1
DA:251,1
DA:252,1
DA:253,1
DA:254,1
DA:255,1
DA:256,1
DA:257,1
DA:258,1
DA:259,1
DA:260,1
DA:261,1
DA:262,1
DA:263,1
DA:264,1
DA:266,1
DA:267,1
DA:268,1
DA:269,1
DA:270,1
DA:271,1
DA:273,1
DA:274,1
DA:275,1
DA:276,1
DA:277,1
DA:278,1
DA:280,1
DA:281,1
DA:282,1
DA:283,1
DA:284,1
DA:285,1
DA:286,1
DA:287,1
DA:288,1
DA:290,1
DA:291,1
DA:292,1
DA:293,1
DA:294,1
DA:295,1
DA:296,1
DA:297,1
DA:298,1
DA:300,1
DA:301,1
DA:302,1
DA:303,1
DA:304,1
BRF:0
BRH:0
LF:365
LH:365
end_of_record
